
Root directory: /cygdrive/c/Users/cp555323/Desktop/AliBaig/Tokenizer_unix
Log direcotry: /cygdrive/c/Users/cp555323/Desktop/AliBaig/Tokenizer_unix/log
Log file: /cygdrive/c/Users/cp555323/Desktop/AliBaig/Tokenizer_unix/log/parser.log
Source: /cygdrive/c/Users/cp555323/Desktop/AliBaig/Tokenizer_unix/src/src_for_tokenization
Target: /cygdrive/c/Users/cp555323/Desktop/AliBaig/Tokenizer_unix/src/src_for_tokenization_20160516115037
-----------------------------

Copying /cygdrive/c/Users/cp555323/Desktop/AliBaig/Tokenizer_unix/src/src_for_tokenization to /cygdrive/c/Users/cp555323/Desktop/AliBaig/Tokenizer_unix/src/src_for_tokenization_20160516115037
Please wait...
Copying done.

Filtering files from target directory /cygdrive/c/Users/cp555323/Desktop/AliBaig/Tokenizer_unix/src/src_for_tokenization_20160516115037

Root directory: /cygdrive/c/Users/cp555323/Desktop/AliBaig/Tokenizer_unix
Log direcotry: /cygdrive/c/Users/cp555323/Desktop/AliBaig/Tokenizer_unix/log
Log file: /cygdrive/c/Users/cp555323/Desktop/AliBaig/Tokenizer_unix/log/parser.log
Source: /cygdrive/c/Users/cp555323/Desktop/AliBaig/Tokenizer_unix/src/src_for_tokenization
Target: /cygdrive/c/Users/cp555323/Desktop/AliBaig/Tokenizer_unix/src/src_for_tokenization_20160516115357
-----------------------------

Copying /cygdrive/c/Users/cp555323/Desktop/AliBaig/Tokenizer_unix/src/src_for_tokenization to /cygdrive/c/Users/cp555323/Desktop/AliBaig/Tokenizer_unix/src/src_for_tokenization_20160516115357
Please wait...
Copying done.

Filtering files from target directory /cygdrive/c/Users/cp555323/Desktop/AliBaig/Tokenizer_unix/src/src_for_tokenization_20160516115357

Root directory: /cygdrive/c/Users/cp555323/Desktop/AliBaig/Tokenizer_unix
Log direcotry: /cygdrive/c/Users/cp555323/Desktop/AliBaig/Tokenizer_unix/log
Log file: /cygdrive/c/Users/cp555323/Desktop/AliBaig/Tokenizer_unix/log/parser.log
Source: /cygdrive/c/Users/cp555323/Desktop/AliBaig/Tokenizer_unix/src/src_for_tokenization
Target: /cygdrive/c/Users/cp555323/Desktop/AliBaig/Tokenizer_unix/src/src_for_tokenization_20160516115545
-----------------------------

Copying /cygdrive/c/Users/cp555323/Desktop/AliBaig/Tokenizer_unix/src/src_for_tokenization to /cygdrive/c/Users/cp555323/Desktop/AliBaig/Tokenizer_unix/src/src_for_tokenization_20160516115545
Please wait...
Copying done.

Filtering files from target directory /cygdrive/c/Users/cp555323/Desktop/AliBaig/Tokenizer_unix/src/src_for_tokenization_20160516115545

Root directory: /cygdrive/c/Users/cp555323/Desktop/AliBaig/Tokenizer_unix
Log direcotry: /cygdrive/c/Users/cp555323/Desktop/AliBaig/Tokenizer_unix/log
Log file: /cygdrive/c/Users/cp555323/Desktop/AliBaig/Tokenizer_unix/log/parser.log
Source: /cygdrive/c/Users/cp555323/Desktop/AliBaig/Tokenizer_unix/src/src_for_tokenization
Target: /cygdrive/c/Users/cp555323/Desktop/AliBaig/Tokenizer_unix/src/src_for_tokenization_20160516124601
-----------------------------

Copying /cygdrive/c/Users/cp555323/Desktop/AliBaig/Tokenizer_unix/src/src_for_tokenization to /cygdrive/c/Users/cp555323/Desktop/AliBaig/Tokenizer_unix/src/src_for_tokenization_20160516124601
Please wait...
Copying done.

Filtering files from target directory /cygdrive/c/Users/cp555323/Desktop/AliBaig/Tokenizer_unix/src/src_for_tokenization_20160516124601

Root directory: /cygdrive/c/Users/cp555323/Desktop/AliBaig/Tokenizer_unix
Log direcotry: /cygdrive/c/Users/cp555323/Desktop/AliBaig/Tokenizer_unix/log
Log file: /cygdrive/c/Users/cp555323/Desktop/AliBaig/Tokenizer_unix/log/parser.log
Source: /cygdrive/c/Users/cp555323/Desktop/AliBaig/Tokenizer_unix/src/src_for_tokenization
Target: /cygdrive/c/Users/cp555323/Desktop/AliBaig/Tokenizer_unix/src/src_for_tokenization_20160516133255
-----------------------------

Copying /cygdrive/c/Users/cp555323/Desktop/AliBaig/Tokenizer_unix/src/src_for_tokenization to /cygdrive/c/Users/cp555323/Desktop/AliBaig/Tokenizer_unix/src/src_for_tokenization_20160516133255
Please wait...
Copying done.

Filtering files from target directory /cygdrive/c/Users/cp555323/Desktop/AliBaig/Tokenizer_unix/src/src_for_tokenization_20160516133255

Root directory: /cygdrive/c/Users/cp555323/Desktop/AliBaig/Tokenizer_unix
Log direcotry: /cygdrive/c/Users/cp555323/Desktop/AliBaig/Tokenizer_unix/log
Log file: /cygdrive/c/Users/cp555323/Desktop/AliBaig/Tokenizer_unix/log/parser.log
Source: /cygdrive/c/Users/cp555323/Desktop/AliBaig/Tokenizer_unix/src/src_for_tokenization
Target: /cygdrive/c/Users/cp555323/Desktop/AliBaig/Tokenizer_unix/src/src_for_tokenization_20160516133715
-----------------------------

Copying /cygdrive/c/Users/cp555323/Desktop/AliBaig/Tokenizer_unix/src/src_for_tokenization to /cygdrive/c/Users/cp555323/Desktop/AliBaig/Tokenizer_unix/src/src_for_tokenization_20160516133715
Please wait...
Copying done.

Filtering files from target directory /cygdrive/c/Users/cp555323/Desktop/AliBaig/Tokenizer_unix/src/src_for_tokenization_20160516133715

Root directory: /cygdrive/c/Users/cp555323/Desktop/AliBaig/Tokenizer_unix
Log direcotry: /cygdrive/c/Users/cp555323/Desktop/AliBaig/Tokenizer_unix/log
Log file: /cygdrive/c/Users/cp555323/Desktop/AliBaig/Tokenizer_unix/log/parser.log
Source: 
Target: /cygdrive/c/Users/cp555323/Desktop/AliBaig/Tokenizer_unix/src/_20160516144108
-----------------------------

Copying  to /cygdrive/c/Users/cp555323/Desktop/AliBaig/Tokenizer_unix/src/_20160516144108
Please wait...

Root directory: /cygdrive/c/Users/cp555323/Desktop/AliBaig/Tokenizer_unix
Log direcotry: /cygdrive/c/Users/cp555323/Desktop/AliBaig/Tokenizer_unix/log
Log file: /cygdrive/c/Users/cp555323/Desktop/AliBaig/Tokenizer_unix/log/parser.log
Source: 
Target: /cygdrive/c/Users/cp555323/Desktop/AliBaig/Tokenizer_unix/src/_20160516144143
-----------------------------

Copying  to /cygdrive/c/Users/cp555323/Desktop/AliBaig/Tokenizer_unix/src/_20160516144143
Please wait...

Root directory: /cygdrive/c/Users/cp555323/Desktop/AliBaig/Tokenizer_unix
Log direcotry: /cygdrive/c/Users/cp555323/Desktop/AliBaig/Tokenizer_unix/log
Log file: /cygdrive/c/Users/cp555323/Desktop/AliBaig/Tokenizer_unix/log/parser.log
Source: /cygdrive/c/Users/cp555323/Desktop/AliBaig/Tokenizer_unix/src/src_for_tokenization
Target: /cygdrive/c/Users/cp555323/Desktop/AliBaig/Tokenizer_unix/src/src_for_tokenization_20160516144645
-----------------------------

Copying /cygdrive/c/Users/cp555323/Desktop/AliBaig/Tokenizer_unix/src/src_for_tokenization to /cygdrive/c/Users/cp555323/Desktop/AliBaig/Tokenizer_unix/src/src_for_tokenization_20160516144645
Please wait...
Copying done.

Filtering files from target directory /cygdrive/c/Users/cp555323/Desktop/AliBaig/Tokenizer_unix/src/src_for_tokenization_20160516144645

Root directory: /cygdrive/c/Users/cp555323/Desktop/AliBaig/Tokenizer_unix
Log direcotry: /cygdrive/c/Users/cp555323/Desktop/AliBaig/Tokenizer_unix/log
Log file: /cygdrive/c/Users/cp555323/Desktop/AliBaig/Tokenizer_unix/log/parser.log
Source: /cygdrive/c/Users/cp555323/Desktop/AliBaig/Tokenizer_unix/src/src_for_tokenization
Target: /cygdrive/c/Users/cp555323/Desktop/AliBaig/Tokenizer_unix/src/src_for_tokenization_20160516144703
-----------------------------

Copying /cygdrive/c/Users/cp555323/Desktop/AliBaig/Tokenizer_unix/src/src_for_tokenization to /cygdrive/c/Users/cp555323/Desktop/AliBaig/Tokenizer_unix/src/src_for_tokenization_20160516144703
Please wait...
Copying done.

Filtering files from target directory /cygdrive/c/Users/cp555323/Desktop/AliBaig/Tokenizer_unix/src/src_for_tokenization_20160516144703

Root directory: /cygdrive/c/Users/cp555323/Desktop/AliBaig/Tokenizer_unix
Log direcotry: /cygdrive/c/Users/cp555323/Desktop/AliBaig/Tokenizer_unix/log
Log file: /cygdrive/c/Users/cp555323/Desktop/AliBaig/Tokenizer_unix/log/parser.log
Source: /cygdrive/c/Users/cp555323/Desktop/AliBaig/Tokenizer_unix/src/src_for_tokenization
Target: /cygdrive/c/Users/cp555323/Desktop/AliBaig/Tokenizer_unix/src/src_for_tokenization_20160516144842
-----------------------------

Copying /cygdrive/c/Users/cp555323/Desktop/AliBaig/Tokenizer_unix/src/src_for_tokenization to /cygdrive/c/Users/cp555323/Desktop/AliBaig/Tokenizer_unix/src/src_for_tokenization_20160516144842
Please wait...
Copying done.

Filtering files from target directory /cygdrive/c/Users/cp555323/Desktop/AliBaig/Tokenizer_unix/src/src_for_tokenization_20160516144842

Root directory: /cygdrive/c/Users/cp555323/Desktop/AliBaig/Tokenizer_unix
Log direcotry: /cygdrive/c/Users/cp555323/Desktop/AliBaig/Tokenizer_unix/log
Log file: /cygdrive/c/Users/cp555323/Desktop/AliBaig/Tokenizer_unix/log/parser.log
Source: /cygdrive/c/Users/cp555323/Desktop/AliBaig/Tokenizer_unix/src/src_for_tokenization
Target: /cygdrive/c/Users/cp555323/Desktop/AliBaig/Tokenizer_unix/src/src_for_tokenization_20160516144916
-----------------------------

Copying /cygdrive/c/Users/cp555323/Desktop/AliBaig/Tokenizer_unix/src/src_for_tokenization to /cygdrive/c/Users/cp555323/Desktop/AliBaig/Tokenizer_unix/src/src_for_tokenization_20160516144916
Please wait...
Copying done.

Filtering files from target directory /cygdrive/c/Users/cp555323/Desktop/AliBaig/Tokenizer_unix/src/src_for_tokenization_20160516144916

Root directory: /cygdrive/c/Users/cp555323/Desktop/AliBaig/Tokenizer_unix
Log direcotry: /cygdrive/c/Users/cp555323/Desktop/AliBaig/Tokenizer_unix/log
Log file: /cygdrive/c/Users/cp555323/Desktop/AliBaig/Tokenizer_unix/log/parser.log
Source: /cygdrive/c/Users/cp555323/Desktop/AliBaig/Tokenizer_unix/src/src_for_tokenization
Target: /cygdrive/c/Users/cp555323/Desktop/AliBaig/Tokenizer_unix/src/src_for_tokenization_20160516144939
-----------------------------

Copying /cygdrive/c/Users/cp555323/Desktop/AliBaig/Tokenizer_unix/src/src_for_tokenization to /cygdrive/c/Users/cp555323/Desktop/AliBaig/Tokenizer_unix/src/src_for_tokenization_20160516144939
Please wait...
Copying done.

Filtering files from target directory /cygdrive/c/Users/cp555323/Desktop/AliBaig/Tokenizer_unix/src/src_for_tokenization_20160516144939

Root directory: /cygdrive/c/Users/cp555323/Desktop/AliBaig/Tokenizer_unix
Log direcotry: /cygdrive/c/Users/cp555323/Desktop/AliBaig/Tokenizer_unix/log
Log file: /cygdrive/c/Users/cp555323/Desktop/AliBaig/Tokenizer_unix/log/parser.log
Source: /cygdrive/c/Users/cp555323/Desktop/AliBaig/Tokenizer_unix/src/src_for_tokenization
Target: /cygdrive/c/Users/cp555323/Desktop/AliBaig/Tokenizer_unix/src/src_for_tokenization_20160516145009
-----------------------------

Copying /cygdrive/c/Users/cp555323/Desktop/AliBaig/Tokenizer_unix/src/src_for_tokenization to /cygdrive/c/Users/cp555323/Desktop/AliBaig/Tokenizer_unix/src/src_for_tokenization_20160516145009
Please wait...
Copying done.

Filtering files from target directory /cygdrive/c/Users/cp555323/Desktop/AliBaig/Tokenizer_unix/src/src_for_tokenization_20160516145009

Root directory: /cygdrive/c/Users/cp555323/Desktop/AliBaig/Tokenizer_unix
Log direcotry: /cygdrive/c/Users/cp555323/Desktop/AliBaig/Tokenizer_unix/log
Log file: /cygdrive/c/Users/cp555323/Desktop/AliBaig/Tokenizer_unix/log/parser.log
Source: /cygdrive/c/Users/cp555323/Desktop/AliBaig/Tokenizer_unix/src/src_for_tokenization
Target: /cygdrive/c/Users/cp555323/Desktop/AliBaig/Tokenizer_unix/src/src_for_tokenization_20160516145048
-----------------------------

Copying /cygdrive/c/Users/cp555323/Desktop/AliBaig/Tokenizer_unix/src/src_for_tokenization to /cygdrive/c/Users/cp555323/Desktop/AliBaig/Tokenizer_unix/src/src_for_tokenization_20160516145048
Please wait...
Copying done.

Filtering files from target directory /cygdrive/c/Users/cp555323/Desktop/AliBaig/Tokenizer_unix/src/src_for_tokenization_20160516145048

Root directory: /cygdrive/c/Users/cp555323/Desktop/AliBaig/Tokenizer_unix
Log direcotry: /cygdrive/c/Users/cp555323/Desktop/AliBaig/Tokenizer_unix/log
Log file: /cygdrive/c/Users/cp555323/Desktop/AliBaig/Tokenizer_unix/log/parser.log
Source: /cygdrive/c/Users/cp555323/Desktop/AliBaig/Tokenizer_unix/src/src_for_tokenization
Target: /cygdrive/c/Users/cp555323/Desktop/AliBaig/Tokenizer_unix/src/src_for_tokenization_20160516145059
-----------------------------

Copying /cygdrive/c/Users/cp555323/Desktop/AliBaig/Tokenizer_unix/src/src_for_tokenization to /cygdrive/c/Users/cp555323/Desktop/AliBaig/Tokenizer_unix/src/src_for_tokenization_20160516145059
Please wait...
Copying done.

Filtering files from target directory /cygdrive/c/Users/cp555323/Desktop/AliBaig/Tokenizer_unix/src/src_for_tokenization_20160516145059

Root directory: /cygdrive/c/Users/cp555323/Desktop/AliBaig/Tokenizer_unix
Log direcotry: /cygdrive/c/Users/cp555323/Desktop/AliBaig/Tokenizer_unix/log
Log file: /cygdrive/c/Users/cp555323/Desktop/AliBaig/Tokenizer_unix/log/parser.log
Source: /cygdrive/c/Users/cp555323/Desktop/AliBaig/Tokenizer_unix/src/src_for_tokenization
Target: /cygdrive/c/Users/cp555323/Desktop/AliBaig/Tokenizer_unix/src/src_for_tokenization_20160516145225
-----------------------------

Copying /cygdrive/c/Users/cp555323/Desktop/AliBaig/Tokenizer_unix/src/src_for_tokenization to /cygdrive/c/Users/cp555323/Desktop/AliBaig/Tokenizer_unix/src/src_for_tokenization_20160516145225
Please wait...
Copying done.

Filtering files from target directory /cygdrive/c/Users/cp555323/Desktop/AliBaig/Tokenizer_unix/src/src_for_tokenization_20160516145225

Root directory: /cygdrive/c/Users/cp555323/Desktop/AliBaig/Tokenizer_unix
Log direcotry: /cygdrive/c/Users/cp555323/Desktop/AliBaig/Tokenizer_unix/log
Log file: /cygdrive/c/Users/cp555323/Desktop/AliBaig/Tokenizer_unix/log/parser.log
Source: /cygdrive/c/Users/cp555323/Desktop/AliBaig/Tokenizer_unix/src/src_for_tokenization/SQL/All_Base_Off_Contract.sql
Target: /cygdrive/c/Users/cp555323/Desktop/AliBaig/Tokenizer_unix/src/src_for_tokenization/SQL/All_Base_Off_Contract.sql_20160516145330
-----------------------------

Copying /cygdrive/c/Users/cp555323/Desktop/AliBaig/Tokenizer_unix/src/src_for_tokenization/SQL/All_Base_Off_Contract.sql to /cygdrive/c/Users/cp555323/Desktop/AliBaig/Tokenizer_unix/src/src_for_tokenization/SQL/All_Base_Off_Contract.sql_20160516145330
Please wait...
Copying done.


Root directory: /cygdrive/c/Users/cp555323/Desktop/AliBaig/Tokenizer_unix
Log direcotry: /cygdrive/c/Users/cp555323/Desktop/AliBaig/Tokenizer_unix/log
Log file: /cygdrive/c/Users/cp555323/Desktop/AliBaig/Tokenizer_unix/log/parser.log
Source: /cygdrive/c/Users/cp555323/Desktop/AliBaig/Tokenizer_unix/src/src_for_tokenization/SQL/All_Base_Off_Contract.sql
Target: /cygdrive/c/Users/cp555323/Desktop/AliBaig/Tokenizer_unix/src/src_for_tokenization/SQL/All_Base_Off_Contract.sql_20160516145351
-----------------------------

Copying /cygdrive/c/Users/cp555323/Desktop/AliBaig/Tokenizer_unix/src/src_for_tokenization/SQL/All_Base_Off_Contract.sql to /cygdrive/c/Users/cp555323/Desktop/AliBaig/Tokenizer_unix/src/src_for_tokenization/SQL/All_Base_Off_Contract.sql_20160516145351
Please wait...
Copying done.


Root directory: /cygdrive/c/Users/cp555323/Desktop/AliBaig/Tokenizer_unix
Log direcotry: /cygdrive/c/Users/cp555323/Desktop/AliBaig/Tokenizer_unix/log
Log file: /cygdrive/c/Users/cp555323/Desktop/AliBaig/Tokenizer_unix/log/parser.log
Source: /cygdrive/c/Users/cp555323/Desktop/AliBaig/Tokenizer_unix/src/src_for_tokenization/SQL/All_Base_Off_Contract.sql
Target: /cygdrive/c/Users/cp555323/Desktop/AliBaig/Tokenizer_unix/src/src_for_tokenization/SQL/All_Base_Off_Contract.sql_20160516145853
-----------------------------

Copying /cygdrive/c/Users/cp555323/Desktop/AliBaig/Tokenizer_unix/src/src_for_tokenization/SQL/All_Base_Off_Contract.sql to /cygdrive/c/Users/cp555323/Desktop/AliBaig/Tokenizer_unix/src/src_for_tokenization/SQL/All_Base_Off_Contract.sql_20160516145853
Please wait...
Copying done.


Root directory: /cygdrive/c/Users/cp555323/Desktop/AliBaig/Tokenizer_unix
Log direcotry: /cygdrive/c/Users/cp555323/Desktop/AliBaig/Tokenizer_unix/log
Log file: /cygdrive/c/Users/cp555323/Desktop/AliBaig/Tokenizer_unix/log/parser.log
Source: /cygdrive/c/Users/cp555323/Desktop/AliBaig/Tokenizer_unix/src/src_for_tokenization/SQL/All_Base_Off_Contract.sql
Target: /cygdrive/c/Users/cp555323/Desktop/AliBaig/Tokenizer_unix/src/src_for_tokenization/SQL/All_Base_Off_Contract.sql_20160516145945
-----------------------------

Copying /cygdrive/c/Users/cp555323/Desktop/AliBaig/Tokenizer_unix/src/src_for_tokenization/SQL/All_Base_Off_Contract.sql to /cygdrive/c/Users/cp555323/Desktop/AliBaig/Tokenizer_unix/src/src_for_tokenization/SQL/All_Base_Off_Contract.sql_20160516145945
Please wait...
Copying done.


Root directory: /cygdrive/c/Users/cp555323/Desktop/AliBaig/Tokenizer_unix
Log direcotry: /cygdrive/c/Users/cp555323/Desktop/AliBaig/Tokenizer_unix/log
Log file: /cygdrive/c/Users/cp555323/Desktop/AliBaig/Tokenizer_unix/log/parser.log
Source: /cygdrive/c/Users/cp555323/Desktop/AliBaig/Tokenizer_unix/src/src_for_tokenization/SQL/All_Base_Off_Contract.sql
Target: /cygdrive/c/Users/cp555323/Desktop/AliBaig/Tokenizer_unix/src/src_for_tokenization/SQL/All_Base_Off_Contract.sql_20160516155028
-----------------------------

Copying /cygdrive/c/Users/cp555323/Desktop/AliBaig/Tokenizer_unix/src/src_for_tokenization/SQL/All_Base_Off_Contract.sql to /cygdrive/c/Users/cp555323/Desktop/AliBaig/Tokenizer_unix/src/src_for_tokenization/SQL/All_Base_Off_Contract.sql_20160516155028
Please wait...
Copying done.


Root directory: /cygdrive/c/Users/cp555323/Desktop/AliBaig/Tokenizer_unix
Log direcotry: /cygdrive/c/Users/cp555323/Desktop/AliBaig/Tokenizer_unix/log
Log file: /cygdrive/c/Users/cp555323/Desktop/AliBaig/Tokenizer_unix/log/parser.log
Source: /cygdrive/c/Users/cp555323/Desktop/AliBaig/Tokenizer_unix/src/src_for_tokenization/SQL/All_Base_Off_Contract.sql
Target: /cygdrive/c/Users/cp555323/Desktop/AliBaig/Tokenizer_unix/src/src_for_tokenization/SQL/All_Base_Off_Contract.sql_20160516155045
-----------------------------

Copying /cygdrive/c/Users/cp555323/Desktop/AliBaig/Tokenizer_unix/src/src_for_tokenization/SQL/All_Base_Off_Contract.sql to /cygdrive/c/Users/cp555323/Desktop/AliBaig/Tokenizer_unix/src/src_for_tokenization/SQL/All_Base_Off_Contract.sql_20160516155045
Please wait...
Copying done.


Root directory: /cygdrive/c/Users/cp555323/Desktop/AliBaig/Tokenizer_unix
Log direcotry: /cygdrive/c/Users/cp555323/Desktop/AliBaig/Tokenizer_unix/log
Log file: /cygdrive/c/Users/cp555323/Desktop/AliBaig/Tokenizer_unix/log/parser.log
Source: /cygdrive/c/Users/cp555323/Desktop/AliBaig/Tokenizer_unix/src/src_for_tokenization/SQL/All_Base_Off_Contract.sql
Target: /cygdrive/c/Users/cp555323/Desktop/AliBaig/Tokenizer_unix/src/src_for_tokenization/SQL/All_Base_Off_Contract.sql_20160516155051
-----------------------------

Copying /cygdrive/c/Users/cp555323/Desktop/AliBaig/Tokenizer_unix/src/src_for_tokenization/SQL/All_Base_Off_Contract.sql to /cygdrive/c/Users/cp555323/Desktop/AliBaig/Tokenizer_unix/src/src_for_tokenization/SQL/All_Base_Off_Contract.sql_20160516155051
Please wait...
Copying done.


Root directory: /cygdrive/c/Users/cp555323/Desktop/AliBaig/Tokenizer_unix
Log direcotry: /cygdrive/c/Users/cp555323/Desktop/AliBaig/Tokenizer_unix/log
Log file: /cygdrive/c/Users/cp555323/Desktop/AliBaig/Tokenizer_unix/log/parser.log
Source: /cygdrive/c/Users/cp555323/Desktop/AliBaig/Tokenizer_unix/src/src_for_tokenization/SQL/All_Base_Off_Contract.sql
Target: /cygdrive/c/Users/cp555323/Desktop/AliBaig/Tokenizer_unix/src/src_for_tokenization/SQL/All_Base_Off_Contract.sql_20160516155107
-----------------------------

Copying /cygdrive/c/Users/cp555323/Desktop/AliBaig/Tokenizer_unix/src/src_for_tokenization/SQL/All_Base_Off_Contract.sql to /cygdrive/c/Users/cp555323/Desktop/AliBaig/Tokenizer_unix/src/src_for_tokenization/SQL/All_Base_Off_Contract.sql_20160516155107
Please wait...
Copying done.


Root directory: /cygdrive/c/Users/cp555323/Desktop/AliBaig/Tokenizer_unix
Log direcotry: /cygdrive/c/Users/cp555323/Desktop/AliBaig/Tokenizer_unix/log
Log file: /cygdrive/c/Users/cp555323/Desktop/AliBaig/Tokenizer_unix/log/parser.log
Source: /cygdrive/c/Users/cp555323/Desktop/AliBaig/Tokenizer_unix/src/src_for_tokenization/SQL/All_Base_Off_Contract.sql
Target: /cygdrive/c/Users/cp555323/Desktop/AliBaig/Tokenizer_unix/src/src_for_tokenization/SQL/All_Base_Off_Contract.sql_20160516155205
-----------------------------

Copying /cygdrive/c/Users/cp555323/Desktop/AliBaig/Tokenizer_unix/src/src_for_tokenization/SQL/All_Base_Off_Contract.sql to /cygdrive/c/Users/cp555323/Desktop/AliBaig/Tokenizer_unix/src/src_for_tokenization/SQL/All_Base_Off_Contract.sql_20160516155205
Please wait...
Copying done.


Root directory: /cygdrive/c/Users/cp555323/Desktop/AliBaig/Tokenizer_unix
Log direcotry: /cygdrive/c/Users/cp555323/Desktop/AliBaig/Tokenizer_unix/log
Log file: /cygdrive/c/Users/cp555323/Desktop/AliBaig/Tokenizer_unix/log/parser.log
Source: /cygdrive/c/Users/cp555323/Desktop/AliBaig/Tokenizer_unix/src/src_for_tokenization/SQL/All_Base_Off_Contract.sql
Target: /cygdrive/c/Users/cp555323/Desktop/AliBaig/Tokenizer_unix/src/src_for_tokenization/SQL/All_Base_Off_Contract.sql_20160516155317
-----------------------------

Copying /cygdrive/c/Users/cp555323/Desktop/AliBaig/Tokenizer_unix/src/src_for_tokenization/SQL/All_Base_Off_Contract.sql to /cygdrive/c/Users/cp555323/Desktop/AliBaig/Tokenizer_unix/src/src_for_tokenization/SQL/All_Base_Off_Contract.sql_20160516155317
Please wait...
Copying done.


Root directory: /cygdrive/c/Users/cp555323/Desktop/AliBaig/Tokenizer_unix
Log direcotry: /cygdrive/c/Users/cp555323/Desktop/AliBaig/Tokenizer_unix/log
Log file: /cygdrive/c/Users/cp555323/Desktop/AliBaig/Tokenizer_unix/log/parser.log
Source: /cygdrive/c/Users/cp555323/Desktop/AliBaig/Tokenizer_unix/src/src_for_tokenization/SQL/All_Base_Off_Contract.sql
Target: /cygdrive/c/Users/cp555323/Desktop/AliBaig/Tokenizer_unix/src/src_for_tokenization/SQL/All_Base_Off_Contract.sql_20160516155901
-----------------------------

Copying /cygdrive/c/Users/cp555323/Desktop/AliBaig/Tokenizer_unix/src/src_for_tokenization/SQL/All_Base_Off_Contract.sql to /cygdrive/c/Users/cp555323/Desktop/AliBaig/Tokenizer_unix/src/src_for_tokenization/SQL/All_Base_Off_Contract.sql_20160516155901
Please wait...
Copying done.


Root directory: /cygdrive/c/Users/cp555323/Desktop/AliBaig/Tokenizer_unix
Log direcotry: /cygdrive/c/Users/cp555323/Desktop/AliBaig/Tokenizer_unix/log
Log file: /cygdrive/c/Users/cp555323/Desktop/AliBaig/Tokenizer_unix/log/parser.log
Source: /cygdrive/c/Users/cp555323/Desktop/AliBaig/Tokenizer_unix/src/src_for_tokenization/SQL/All_Base_Off_Contract.sql
Target: /cygdrive/c/Users/cp555323/Desktop/AliBaig/Tokenizer_unix/src/src_for_tokenization/SQL/All_Base_Off_Contract.sql_20160516155918
-----------------------------

Copying /cygdrive/c/Users/cp555323/Desktop/AliBaig/Tokenizer_unix/src/src_for_tokenization/SQL/All_Base_Off_Contract.sql to /cygdrive/c/Users/cp555323/Desktop/AliBaig/Tokenizer_unix/src/src_for_tokenization/SQL/All_Base_Off_Contract.sql_20160516155918
Please wait...
Copying done.


Root directory: /cygdrive/c/Users/cp555323/Desktop/AliBaig/Tokenizer_unix
Log direcotry: /cygdrive/c/Users/cp555323/Desktop/AliBaig/Tokenizer_unix/log
Log file: /cygdrive/c/Users/cp555323/Desktop/AliBaig/Tokenizer_unix/log/parser.log
Source: /cygdrive/c/Users/cp555323/Desktop/AliBaig/Tokenizer_unix/src/src_for_tokenization/SQL/All_Base_Off_Contract.sql
Target: /cygdrive/c/Users/cp555323/Desktop/AliBaig/Tokenizer_unix/src/src_for_tokenization/SQL/All_Base_Off_Contract.sql_20160516160057
-----------------------------

Copying /cygdrive/c/Users/cp555323/Desktop/AliBaig/Tokenizer_unix/src/src_for_tokenization/SQL/All_Base_Off_Contract.sql to /cygdrive/c/Users/cp555323/Desktop/AliBaig/Tokenizer_unix/src/src_for_tokenization/SQL/All_Base_Off_Contract.sql_20160516160057
Please wait...
Copying done.


Root directory: /cygdrive/c/Users/cp555323/Desktop/AliBaig/Tokenizer_unix
Log direcotry: /cygdrive/c/Users/cp555323/Desktop/AliBaig/Tokenizer_unix/log
Log file: /cygdrive/c/Users/cp555323/Desktop/AliBaig/Tokenizer_unix/log/parser.log
Source: /cygdrive/c/Users/cp555323/Desktop/AliBaig/Tokenizer_unix/src/src_for_tokenization/SQL/All_Base_Off_Contract.sql
Target: /cygdrive/c/Users/cp555323/Desktop/AliBaig/Tokenizer_unix/src/src_for_tokenization/SQL/All_Base_Off_Contract.sql_20160516160113
-----------------------------

Copying /cygdrive/c/Users/cp555323/Desktop/AliBaig/Tokenizer_unix/src/src_for_tokenization/SQL/All_Base_Off_Contract.sql to /cygdrive/c/Users/cp555323/Desktop/AliBaig/Tokenizer_unix/src/src_for_tokenization/SQL/All_Base_Off_Contract.sql_20160516160113
Please wait...
Copying done.


Root directory: /cygdrive/c/Users/cp555323/Desktop/AliBaig/Tokenizer_unix
Log direcotry: /cygdrive/c/Users/cp555323/Desktop/AliBaig/Tokenizer_unix/log
Log file: /cygdrive/c/Users/cp555323/Desktop/AliBaig/Tokenizer_unix/log/parser.log
Source: /cygdrive/c/Users/cp555323/Desktop/AliBaig/Tokenizer_unix/src/src_for_tokenization/SQL/All_Base_Off_Contract.sql
Target: /cygdrive/c/Users/cp555323/Desktop/AliBaig/Tokenizer_unix/src/src_for_tokenization/SQL/All_Base_Off_Contract.sql_20160516160119
-----------------------------

Copying /cygdrive/c/Users/cp555323/Desktop/AliBaig/Tokenizer_unix/src/src_for_tokenization/SQL/All_Base_Off_Contract.sql to /cygdrive/c/Users/cp555323/Desktop/AliBaig/Tokenizer_unix/src/src_for_tokenization/SQL/All_Base_Off_Contract.sql_20160516160119
Please wait...
Copying done.


Root directory: /cygdrive/c/Users/cp555323/Desktop/AliBaig/Tokenizer_unix
Log direcotry: /cygdrive/c/Users/cp555323/Desktop/AliBaig/Tokenizer_unix/log
Log file: /cygdrive/c/Users/cp555323/Desktop/AliBaig/Tokenizer_unix/log/parser.log
Source: /cygdrive/c/Users/cp555323/Desktop/AliBaig/Tokenizer_unix/src/src_for_tokenization/SQL/All_Base_Off_Contract.sql
Target: /cygdrive/c/Users/cp555323/Desktop/AliBaig/Tokenizer_unix/src/src_for_tokenization/SQL/All_Base_Off_Contract.sql_20160516160155
-----------------------------

Copying /cygdrive/c/Users/cp555323/Desktop/AliBaig/Tokenizer_unix/src/src_for_tokenization/SQL/All_Base_Off_Contract.sql to /cygdrive/c/Users/cp555323/Desktop/AliBaig/Tokenizer_unix/src/src_for_tokenization/SQL/All_Base_Off_Contract.sql_20160516160155
Please wait...
Copying done.


Root directory: /cygdrive/c/Users/cp555323/Desktop/AliBaig/Tokenizer_unix
Log direcotry: /cygdrive/c/Users/cp555323/Desktop/AliBaig/Tokenizer_unix/log
Log file: /cygdrive/c/Users/cp555323/Desktop/AliBaig/Tokenizer_unix/log/parser.log
Source: /cygdrive/c/Users/cp555323/Desktop/AliBaig/Tokenizer_unix/src/src_for_tokenization/SQL/All_Base_Off_Contract.sql
Target: /cygdrive/c/Users/cp555323/Desktop/AliBaig/Tokenizer_unix/src/src_for_tokenization/SQL/All_Base_Off_Contract.sql_20160516160334
-----------------------------

Copying /cygdrive/c/Users/cp555323/Desktop/AliBaig/Tokenizer_unix/src/src_for_tokenization/SQL/All_Base_Off_Contract.sql to /cygdrive/c/Users/cp555323/Desktop/AliBaig/Tokenizer_unix/src/src_for_tokenization/SQL/All_Base_Off_Contract.sql_20160516160334
Please wait...
Copying done.


Root directory: /cygdrive/c/Users/cp555323/Desktop/AliBaig/Tokenizer_unix
Log direcotry: /cygdrive/c/Users/cp555323/Desktop/AliBaig/Tokenizer_unix/log
Log file: /cygdrive/c/Users/cp555323/Desktop/AliBaig/Tokenizer_unix/log/parser.log
Source: /cygdrive/c/Users/cp555323/Desktop/AliBaig/Tokenizer_unix/src/src_for_tokenization/SQL/All_Base_Off_Contract.sql
Target: /cygdrive/c/Users/cp555323/Desktop/AliBaig/Tokenizer_unix/src/src_for_tokenization/SQL/All_Base_Off_Contract.sql_20160516160402
-----------------------------

Copying /cygdrive/c/Users/cp555323/Desktop/AliBaig/Tokenizer_unix/src/src_for_tokenization/SQL/All_Base_Off_Contract.sql to /cygdrive/c/Users/cp555323/Desktop/AliBaig/Tokenizer_unix/src/src_for_tokenization/SQL/All_Base_Off_Contract.sql_20160516160402
Please wait...
Copying done.


Root directory: /cygdrive/c/Users/cp555323/Desktop/AliBaig/Tokenizer_unix
Log direcotry: /cygdrive/c/Users/cp555323/Desktop/AliBaig/Tokenizer_unix/log
Log file: /cygdrive/c/Users/cp555323/Desktop/AliBaig/Tokenizer_unix/log/parser.log
Source: /cygdrive/c/Users/cp555323/Desktop/AliBaig/Tokenizer_unix/src/src_for_tokenization/SQL/All_Base_Off_Contract.sql
Target: /cygdrive/c/Users/cp555323/Desktop/AliBaig/Tokenizer_unix/src/src_for_tokenization/SQL/All_Base_Off_Contract.sql_20160516160426
-----------------------------

Copying /cygdrive/c/Users/cp555323/Desktop/AliBaig/Tokenizer_unix/src/src_for_tokenization/SQL/All_Base_Off_Contract.sql to /cygdrive/c/Users/cp555323/Desktop/AliBaig/Tokenizer_unix/src/src_for_tokenization/SQL/All_Base_Off_Contract.sql_20160516160426
Please wait...
Copying done.


Root directory: /cygdrive/c/Users/cp555323/Desktop/AliBaig/Tokenizer_unix
Log direcotry: /cygdrive/c/Users/cp555323/Desktop/AliBaig/Tokenizer_unix/log
Log file: /cygdrive/c/Users/cp555323/Desktop/AliBaig/Tokenizer_unix/log/parser.log
Source: /cygdrive/c/Users/cp555323/Desktop/AliBaig/Tokenizer_unix/src/src_for_tokenization/SQL/All_Base_Off_Contract.sql
Target: /cygdrive/c/Users/cp555323/Desktop/AliBaig/Tokenizer_unix/src/src_for_tokenization/SQL/All_Base_Off_Contract.sql_20160516160457
-----------------------------

Copying /cygdrive/c/Users/cp555323/Desktop/AliBaig/Tokenizer_unix/src/src_for_tokenization/SQL/All_Base_Off_Contract.sql to /cygdrive/c/Users/cp555323/Desktop/AliBaig/Tokenizer_unix/src/src_for_tokenization/SQL/All_Base_Off_Contract.sql_20160516160457
Please wait...
Copying done.


Root directory: /cygdrive/c/Users/cp555323/Desktop/AliBaig/Tokenizer_unix
Log direcotry: /cygdrive/c/Users/cp555323/Desktop/AliBaig/Tokenizer_unix/log
Log file: /cygdrive/c/Users/cp555323/Desktop/AliBaig/Tokenizer_unix/log/parser.log
Source: /cygdrive/c/Users/cp555323/Desktop/AliBaig/Tokenizer_unix/src/src_for_tokenization/SQL/All_Base_Off_Contract.sql
Target: /cygdrive/c/Users/cp555323/Desktop/AliBaig/Tokenizer_unix/src/src_for_tokenization/SQL/All_Base_Off_Contract.sql_20160516161537
-----------------------------

Copying /cygdrive/c/Users/cp555323/Desktop/AliBaig/Tokenizer_unix/src/src_for_tokenization/SQL/All_Base_Off_Contract.sql to /cygdrive/c/Users/cp555323/Desktop/AliBaig/Tokenizer_unix/src/src_for_tokenization/SQL/All_Base_Off_Contract.sql_20160516161537
Please wait...
Copying done.


Root directory: /cygdrive/c/Users/cp555323/Desktop/AliBaig/Tokenizer_unix
Log direcotry: /cygdrive/c/Users/cp555323/Desktop/AliBaig/Tokenizer_unix/log
Log file: /cygdrive/c/Users/cp555323/Desktop/AliBaig/Tokenizer_unix/log/parser.log
Source: /cygdrive/c/Users/cp555323/Desktop/AliBaig/Tokenizer_unix/src/src_for_tokenization/SQL/All_Base_Off_Contract.sql
Target: /cygdrive/c/Users/cp555323/Desktop/AliBaig/Tokenizer_unix/src/src_for_tokenization/SQL/All_Base_Off_Contract.sql_20160516161557
-----------------------------

Copying /cygdrive/c/Users/cp555323/Desktop/AliBaig/Tokenizer_unix/src/src_for_tokenization/SQL/All_Base_Off_Contract.sql to /cygdrive/c/Users/cp555323/Desktop/AliBaig/Tokenizer_unix/src/src_for_tokenization/SQL/All_Base_Off_Contract.sql_20160516161557
Please wait...
Copying done.


Root directory: /cygdrive/c/Users/cp555323/Desktop/AliBaig/Tokenizer_unix
Log direcotry: /cygdrive/c/Users/cp555323/Desktop/AliBaig/Tokenizer_unix/log
Log file: /cygdrive/c/Users/cp555323/Desktop/AliBaig/Tokenizer_unix/log/parser.log
Source: /cygdrive/c/Users/cp555323/Desktop/AliBaig/Tokenizer_unix/src/src_for_tokenization/SQL/All_Base_Off_Contract.sql
Target: /cygdrive/c/Users/cp555323/Desktop/AliBaig/Tokenizer_unix/src/src_for_tokenization/SQL/All_Base_Off_Contract.sql_20160516161637
-----------------------------

Copying /cygdrive/c/Users/cp555323/Desktop/AliBaig/Tokenizer_unix/src/src_for_tokenization/SQL/All_Base_Off_Contract.sql to /cygdrive/c/Users/cp555323/Desktop/AliBaig/Tokenizer_unix/src/src_for_tokenization/SQL/All_Base_Off_Contract.sql_20160516161637
Please wait...
Copying done.


Root directory: /cygdrive/c/Users/cp555323/Desktop/AliBaig/Tokenizer_unix
Log direcotry: /cygdrive/c/Users/cp555323/Desktop/AliBaig/Tokenizer_unix/log
Log file: /cygdrive/c/Users/cp555323/Desktop/AliBaig/Tokenizer_unix/log/parser.log
Source: /cygdrive/c/Users/cp555323/Desktop/AliBaig/Tokenizer_unix/src/src_for_tokenization/SQL/All_Base_Off_Contract.sql
Target: /cygdrive/c/Users/cp555323/Desktop/AliBaig/Tokenizer_unix/src/src_for_tokenization/SQL/All_Base_Off_Contract.sql_20160516161738
-----------------------------

Copying /cygdrive/c/Users/cp555323/Desktop/AliBaig/Tokenizer_unix/src/src_for_tokenization/SQL/All_Base_Off_Contract.sql to /cygdrive/c/Users/cp555323/Desktop/AliBaig/Tokenizer_unix/src/src_for_tokenization/SQL/All_Base_Off_Contract.sql_20160516161738
Please wait...
Copying done.


Root directory: /cygdrive/c/Users/cp555323/Desktop/AliBaig/Tokenizer_unix
Log direcotry: /cygdrive/c/Users/cp555323/Desktop/AliBaig/Tokenizer_unix/log
Log file: /cygdrive/c/Users/cp555323/Desktop/AliBaig/Tokenizer_unix/log/parser.log
Source: /cygdrive/c/Users/cp555323/Desktop/AliBaig/Tokenizer_unix/src/src_for_tokenization/SQL/All_Base_Off_Contract.sql
Target: /cygdrive/c/Users/cp555323/Desktop/AliBaig/Tokenizer_unix/src/src_for_tokenization/SQL/All_Base_Off_Contract.sql_20160516161803
-----------------------------

Copying /cygdrive/c/Users/cp555323/Desktop/AliBaig/Tokenizer_unix/src/src_for_tokenization/SQL/All_Base_Off_Contract.sql to /cygdrive/c/Users/cp555323/Desktop/AliBaig/Tokenizer_unix/src/src_for_tokenization/SQL/All_Base_Off_Contract.sql_20160516161803
Please wait...
Copying done.


Root directory: /cygdrive/c/Users/cp555323/Desktop/AliBaig/Tokenizer_unix
Log direcotry: /cygdrive/c/Users/cp555323/Desktop/AliBaig/Tokenizer_unix/log
Log file: /cygdrive/c/Users/cp555323/Desktop/AliBaig/Tokenizer_unix/log/parser.log
Source: /cygdrive/c/Users/cp555323/Desktop/AliBaig/Tokenizer_unix/src/src_for_tokenization/SQL/All_Base_Off_Contract.sql
Target: /cygdrive/c/Users/cp555323/Desktop/AliBaig/Tokenizer_unix/src/src_for_tokenization/SQL/All_Base_Off_Contract.sql_20160516161816
-----------------------------

Copying /cygdrive/c/Users/cp555323/Desktop/AliBaig/Tokenizer_unix/src/src_for_tokenization/SQL/All_Base_Off_Contract.sql to /cygdrive/c/Users/cp555323/Desktop/AliBaig/Tokenizer_unix/src/src_for_tokenization/SQL/All_Base_Off_Contract.sql_20160516161816
Please wait...
Copying done.


Root directory: /cygdrive/c/Users/cp555323/Desktop/AliBaig/Tokenizer_unix
Log direcotry: /cygdrive/c/Users/cp555323/Desktop/AliBaig/Tokenizer_unix/log
Log file: /cygdrive/c/Users/cp555323/Desktop/AliBaig/Tokenizer_unix/log/parser.log
Source: /cygdrive/c/Users/cp555323/Desktop/AliBaig/Tokenizer_unix/src/src_for_tokenization/SQL/All_Base_Off_Contract.sql
Target: /cygdrive/c/Users/cp555323/Desktop/AliBaig/Tokenizer_unix/src/src_for_tokenization/SQL/All_Base_Off_Contract.sql_20160516161925
-----------------------------

Copying /cygdrive/c/Users/cp555323/Desktop/AliBaig/Tokenizer_unix/src/src_for_tokenization/SQL/All_Base_Off_Contract.sql to /cygdrive/c/Users/cp555323/Desktop/AliBaig/Tokenizer_unix/src/src_for_tokenization/SQL/All_Base_Off_Contract.sql_20160516161925
Please wait...
Copying done.


Root directory: /cygdrive/c/Users/cp555323/Desktop/AliBaig/Tokenizer_unix
Log direcotry: /cygdrive/c/Users/cp555323/Desktop/AliBaig/Tokenizer_unix/log
Log file: /cygdrive/c/Users/cp555323/Desktop/AliBaig/Tokenizer_unix/log/parser.log
Source: /cygdrive/c/Users/cp555323/Desktop/AliBaig/Tokenizer_unix/src/src_for_tokenization/SQL/All_Base_Off_Contract.sql
Target: /cygdrive/c/Users/cp555323/Desktop/AliBaig/Tokenizer_unix/src/src_for_tokenization/SQL/All_Base_Off_Contract.sql_20160516161946
-----------------------------

Copying /cygdrive/c/Users/cp555323/Desktop/AliBaig/Tokenizer_unix/src/src_for_tokenization/SQL/All_Base_Off_Contract.sql to /cygdrive/c/Users/cp555323/Desktop/AliBaig/Tokenizer_unix/src/src_for_tokenization/SQL/All_Base_Off_Contract.sql_20160516161946
Please wait...
Copying done.


Root directory: /cygdrive/c/Users/cp555323/Desktop/AliBaig/Tokenizer_unix
Log direcotry: /cygdrive/c/Users/cp555323/Desktop/AliBaig/Tokenizer_unix/log
Log file: /cygdrive/c/Users/cp555323/Desktop/AliBaig/Tokenizer_unix/log/parser.log
Source: /cygdrive/c/Users/cp555323/Desktop/AliBaig/Tokenizer_unix/src/src_for_tokenization/SQL/All_Base_Off_Contract.sql
Target: /cygdrive/c/Users/cp555323/Desktop/AliBaig/Tokenizer_unix/src/src_for_tokenization/SQL/All_Base_Off_Contract.sql_20160516162118
-----------------------------

Copying /cygdrive/c/Users/cp555323/Desktop/AliBaig/Tokenizer_unix/src/src_for_tokenization/SQL/All_Base_Off_Contract.sql to /cygdrive/c/Users/cp555323/Desktop/AliBaig/Tokenizer_unix/src/src_for_tokenization/SQL/All_Base_Off_Contract.sql_20160516162118
Please wait...
Copying done.


Root directory: /cygdrive/c/Users/cp555323/Desktop/AliBaig/Tokenizer_unix
Log direcotry: /cygdrive/c/Users/cp555323/Desktop/AliBaig/Tokenizer_unix/log
Log file: /cygdrive/c/Users/cp555323/Desktop/AliBaig/Tokenizer_unix/log/parser.log
Source: /cygdrive/c/Users/cp555323/Desktop/AliBaig/Tokenizer_unix/src/src_for_tokenization/SQL/All_Base_Off_Contract.sql
Target: /cygdrive/c/Users/cp555323/Desktop/AliBaig/Tokenizer_unix/src/src_for_tokenization/SQL/All_Base_Off_Contract.sql_20160516162803
-----------------------------

Copying /cygdrive/c/Users/cp555323/Desktop/AliBaig/Tokenizer_unix/src/src_for_tokenization/SQL/All_Base_Off_Contract.sql to /cygdrive/c/Users/cp555323/Desktop/AliBaig/Tokenizer_unix/src/src_for_tokenization/SQL/All_Base_Off_Contract.sql_20160516162803
Please wait...
Copying done.


Root directory: /cygdrive/c/Users/cp555323/Desktop/AliBaig/Tokenizer_unix
Log direcotry: /cygdrive/c/Users/cp555323/Desktop/AliBaig/Tokenizer_unix/log
Log file: /cygdrive/c/Users/cp555323/Desktop/AliBaig/Tokenizer_unix/log/parser.log
Source: /cygdrive/c/Users/cp555323/Desktop/AliBaig/Tokenizer_unix/src/src_for_tokenization/SQL/All_Base_Off_Contract.sql
Target: /cygdrive/c/Users/cp555323/Desktop/AliBaig/Tokenizer_unix/src/src_for_tokenization/SQL/All_Base_Off_Contract.sql_20160516162916
-----------------------------

Copying /cygdrive/c/Users/cp555323/Desktop/AliBaig/Tokenizer_unix/src/src_for_tokenization/SQL/All_Base_Off_Contract.sql to /cygdrive/c/Users/cp555323/Desktop/AliBaig/Tokenizer_unix/src/src_for_tokenization/SQL/All_Base_Off_Contract.sql_20160516162916
Please wait...
Copying done.


Root directory: /cygdrive/c/Users/cp555323/Desktop/AliBaig/Tokenizer_unix
Log direcotry: /cygdrive/c/Users/cp555323/Desktop/AliBaig/Tokenizer_unix/log
Log file: /cygdrive/c/Users/cp555323/Desktop/AliBaig/Tokenizer_unix/log/parser.log
Source: /cygdrive/c/Users/cp555323/Desktop/AliBaig/Tokenizer_unix/src/src_for_tokenization/SQL/All_Base_Off_Contract.sql
Target: /cygdrive/c/Users/cp555323/Desktop/AliBaig/Tokenizer_unix/src/src_for_tokenization/SQL/All_Base_Off_Contract.sql_20160516162955
-----------------------------

Copying /cygdrive/c/Users/cp555323/Desktop/AliBaig/Tokenizer_unix/src/src_for_tokenization/SQL/All_Base_Off_Contract.sql to /cygdrive/c/Users/cp555323/Desktop/AliBaig/Tokenizer_unix/src/src_for_tokenization/SQL/All_Base_Off_Contract.sql_20160516162955
Please wait...
Copying done.


Root directory: /cygdrive/c/Users/cp555323/Desktop/AliBaig/Tokenizer_unix
Log direcotry: /cygdrive/c/Users/cp555323/Desktop/AliBaig/Tokenizer_unix/log
Log file: /cygdrive/c/Users/cp555323/Desktop/AliBaig/Tokenizer_unix/log/parser.log
Source: /cygdrive/c/Users/cp555323/Desktop/AliBaig/Tokenizer_unix/src/src_for_tokenization/SQL/All_Base_Off_Contract.sql
Target: /cygdrive/c/Users/cp555323/Desktop/AliBaig/Tokenizer_unix/src/src_for_tokenization/SQL/All_Base_Off_Contract.sql_20160516163320
-----------------------------

Copying /cygdrive/c/Users/cp555323/Desktop/AliBaig/Tokenizer_unix/src/src_for_tokenization/SQL/All_Base_Off_Contract.sql to /cygdrive/c/Users/cp555323/Desktop/AliBaig/Tokenizer_unix/src/src_for_tokenization/SQL/All_Base_Off_Contract.sql_20160516163320
Please wait...
Copying done.


Root directory: /cygdrive/c/Users/cp555323/Desktop/AliBaig/Tokenizer_unix
Log direcotry: /cygdrive/c/Users/cp555323/Desktop/AliBaig/Tokenizer_unix/log
Log file: /cygdrive/c/Users/cp555323/Desktop/AliBaig/Tokenizer_unix/log/parser.log
Source: /cygdrive/c/Users/cp555323/Desktop/AliBaig/Tokenizer_unix/src/src_for_tokenization/SQL/All_Base_Off_Contract.sql
Target: /cygdrive/c/Users/cp555323/Desktop/AliBaig/Tokenizer_unix/src/src_for_tokenization/SQL/All_Base_Off_Contract.sql_20160516163333
-----------------------------

Copying /cygdrive/c/Users/cp555323/Desktop/AliBaig/Tokenizer_unix/src/src_for_tokenization/SQL/All_Base_Off_Contract.sql to /cygdrive/c/Users/cp555323/Desktop/AliBaig/Tokenizer_unix/src/src_for_tokenization/SQL/All_Base_Off_Contract.sql_20160516163333
Please wait...
Copying done.


Root directory: /cygdrive/c/Users/cp555323/Desktop/AliBaig/Tokenizer_unix
Log direcotry: /cygdrive/c/Users/cp555323/Desktop/AliBaig/Tokenizer_unix/log
Log file: /cygdrive/c/Users/cp555323/Desktop/AliBaig/Tokenizer_unix/log/parser.log
Source: /cygdrive/c/Users/cp555323/Desktop/AliBaig/Tokenizer_unix/src/src_for_tokenization/SQL/All_Base_Off_Contract.sql
Target: /cygdrive/c/Users/cp555323/Desktop/AliBaig/Tokenizer_unix/src/src_for_tokenization/SQL/All_Base_Off_Contract.sql_20160516163353
-----------------------------

Copying /cygdrive/c/Users/cp555323/Desktop/AliBaig/Tokenizer_unix/src/src_for_tokenization/SQL/All_Base_Off_Contract.sql to /cygdrive/c/Users/cp555323/Desktop/AliBaig/Tokenizer_unix/src/src_for_tokenization/SQL/All_Base_Off_Contract.sql_20160516163353
Please wait...
Copying done.


Root directory: /cygdrive/c/Users/cp555323/Desktop/AliBaig/Tokenizer_unix
Log direcotry: /cygdrive/c/Users/cp555323/Desktop/AliBaig/Tokenizer_unix/log
Log file: /cygdrive/c/Users/cp555323/Desktop/AliBaig/Tokenizer_unix/log/parser.log
Source: /cygdrive/c/Users/cp555323/Desktop/AliBaig/Tokenizer_unix/src/src_for_tokenization/SQL/All_Base_Off_Contract.sql
Target: /cygdrive/c/Users/cp555323/Desktop/AliBaig/Tokenizer_unix/src/src_for_tokenization/SQL/All_Base_Off_Contract.sql_20160516163830
-----------------------------

Copying /cygdrive/c/Users/cp555323/Desktop/AliBaig/Tokenizer_unix/src/src_for_tokenization/SQL/All_Base_Off_Contract.sql to /cygdrive/c/Users/cp555323/Desktop/AliBaig/Tokenizer_unix/src/src_for_tokenization/SQL/All_Base_Off_Contract.sql_20160516163830
Please wait...
Copying done.


Root directory: /cygdrive/c/Users/cp555323/Desktop/AliBaig/Tokenizer_unix
Log direcotry: /cygdrive/c/Users/cp555323/Desktop/AliBaig/Tokenizer_unix/log
Log file: /cygdrive/c/Users/cp555323/Desktop/AliBaig/Tokenizer_unix/log/parser.log
Source: /cygdrive/c/Users/cp555323/Desktop/AliBaig/Tokenizer_unix/src/src_for_tokenization/SQL/All_Base_Off_Contract.sql
Target: /cygdrive/c/Users/cp555323/Desktop/AliBaig/Tokenizer_unix/src/src_for_tokenization/SQL/All_Base_Off_Contract.sql_20160516163914
-----------------------------

Copying /cygdrive/c/Users/cp555323/Desktop/AliBaig/Tokenizer_unix/src/src_for_tokenization/SQL/All_Base_Off_Contract.sql to /cygdrive/c/Users/cp555323/Desktop/AliBaig/Tokenizer_unix/src/src_for_tokenization/SQL/All_Base_Off_Contract.sql_20160516163914
Please wait...
Copying done.


Root directory: /cygdrive/c/Users/cp555323/Desktop/AliBaig/Tokenizer_unix
Log direcotry: /cygdrive/c/Users/cp555323/Desktop/AliBaig/Tokenizer_unix/log
Log file: /cygdrive/c/Users/cp555323/Desktop/AliBaig/Tokenizer_unix/log/parser.log
Source: /cygdrive/c/Users/cp555323/Desktop/AliBaig/Tokenizer_unix/src/src_for_tokenization/SQL/All_Base_Off_Contract.sql
Target: /cygdrive/c/Users/cp555323/Desktop/AliBaig/Tokenizer_unix/src/src_for_tokenization/SQL/All_Base_Off_Contract.sql_20160516163937
-----------------------------

Copying /cygdrive/c/Users/cp555323/Desktop/AliBaig/Tokenizer_unix/src/src_for_tokenization/SQL/All_Base_Off_Contract.sql to /cygdrive/c/Users/cp555323/Desktop/AliBaig/Tokenizer_unix/src/src_for_tokenization/SQL/All_Base_Off_Contract.sql_20160516163937
Please wait...
Copying done.


Root directory: /cygdrive/c/Users/cp555323/Desktop/AliBaig/Tokenizer_unix
Log direcotry: /cygdrive/c/Users/cp555323/Desktop/AliBaig/Tokenizer_unix/log
Log file: /cygdrive/c/Users/cp555323/Desktop/AliBaig/Tokenizer_unix/log/parser.log
Source: /cygdrive/c/Users/cp555323/Desktop/AliBaig/Tokenizer_unix/src/src_for_tokenization/SQL/All_Base_Off_Contract.sql
Target: /cygdrive/c/Users/cp555323/Desktop/AliBaig/Tokenizer_unix/src/src_for_tokenization/SQL/All_Base_Off_Contract.sql_20160516164029
-----------------------------

Copying /cygdrive/c/Users/cp555323/Desktop/AliBaig/Tokenizer_unix/src/src_for_tokenization/SQL/All_Base_Off_Contract.sql to /cygdrive/c/Users/cp555323/Desktop/AliBaig/Tokenizer_unix/src/src_for_tokenization/SQL/All_Base_Off_Contract.sql_20160516164029
Please wait...
Copying done.


Root directory: /cygdrive/c/Users/cp555323/Desktop/AliBaig/Tokenizer_unix
Log direcotry: /cygdrive/c/Users/cp555323/Desktop/AliBaig/Tokenizer_unix/log
Log file: /cygdrive/c/Users/cp555323/Desktop/AliBaig/Tokenizer_unix/log/parser.log
Source: /cygdrive/c/Users/cp555323/Desktop/AliBaig/Tokenizer_unix/src/src_for_tokenization/SQL/All_Base_Off_Contract.sql
Target: /cygdrive/c/Users/cp555323/Desktop/AliBaig/Tokenizer_unix/src/src_for_tokenization/SQL/All_Base_Off_Contract.sql_20160516164053
-----------------------------

Copying /cygdrive/c/Users/cp555323/Desktop/AliBaig/Tokenizer_unix/src/src_for_tokenization/SQL/All_Base_Off_Contract.sql to /cygdrive/c/Users/cp555323/Desktop/AliBaig/Tokenizer_unix/src/src_for_tokenization/SQL/All_Base_Off_Contract.sql_20160516164053
Please wait...
Copying done.


Root directory: /cygdrive/c/Users/cp555323/Desktop/AliBaig/Tokenizer_unix
Log direcotry: /cygdrive/c/Users/cp555323/Desktop/AliBaig/Tokenizer_unix/log
Log file: /cygdrive/c/Users/cp555323/Desktop/AliBaig/Tokenizer_unix/log/parser.log
Source: /cygdrive/c/Users/cp555323/Desktop/AliBaig/Tokenizer_unix/src/src_for_tokenization/SQL/All_Base_Off_Contract.sql
Target: /cygdrive/c/Users/cp555323/Desktop/AliBaig/Tokenizer_unix/src/src_for_tokenization/SQL/All_Base_Off_Contract.sql_20160516164117
-----------------------------

Copying /cygdrive/c/Users/cp555323/Desktop/AliBaig/Tokenizer_unix/src/src_for_tokenization/SQL/All_Base_Off_Contract.sql to /cygdrive/c/Users/cp555323/Desktop/AliBaig/Tokenizer_unix/src/src_for_tokenization/SQL/All_Base_Off_Contract.sql_20160516164117
Please wait...
Copying done.


Root directory: /cygdrive/c/Users/cp555323/Desktop/AliBaig/Tokenizer_unix
Log direcotry: /cygdrive/c/Users/cp555323/Desktop/AliBaig/Tokenizer_unix/log
Log file: /cygdrive/c/Users/cp555323/Desktop/AliBaig/Tokenizer_unix/log/parser.log
Source: /cygdrive/c/Users/cp555323/Desktop/AliBaig/Tokenizer_unix/src/src_for_tokenization/SQL/All_Base_Off_Contract.sql
Target: /cygdrive/c/Users/cp555323/Desktop/AliBaig/Tokenizer_unix/src/src_for_tokenization/SQL/All_Base_Off_Contract.sql_20160516164124
-----------------------------

Copying /cygdrive/c/Users/cp555323/Desktop/AliBaig/Tokenizer_unix/src/src_for_tokenization/SQL/All_Base_Off_Contract.sql to /cygdrive/c/Users/cp555323/Desktop/AliBaig/Tokenizer_unix/src/src_for_tokenization/SQL/All_Base_Off_Contract.sql_20160516164124
Please wait...
Copying done.


Root directory: /cygdrive/c/Users/cp555323/Desktop/AliBaig/Tokenizer_unix
Log direcotry: /cygdrive/c/Users/cp555323/Desktop/AliBaig/Tokenizer_unix/log
Log file: /cygdrive/c/Users/cp555323/Desktop/AliBaig/Tokenizer_unix/log/parser.log
Source: /cygdrive/c/Users/cp555323/Desktop/AliBaig/Tokenizer_unix/src/src_for_tokenization/SQL/All_Base_Off_Contract.sql
Target: /cygdrive/c/Users/cp555323/Desktop/AliBaig/Tokenizer_unix/src/src_for_tokenization/SQL/All_Base_Off_Contract.sql_20160516164136
-----------------------------

Copying /cygdrive/c/Users/cp555323/Desktop/AliBaig/Tokenizer_unix/src/src_for_tokenization/SQL/All_Base_Off_Contract.sql to /cygdrive/c/Users/cp555323/Desktop/AliBaig/Tokenizer_unix/src/src_for_tokenization/SQL/All_Base_Off_Contract.sql_20160516164136
Please wait...
Copying done.


Root directory: /cygdrive/c/Users/cp555323/Desktop/AliBaig/Tokenizer_unix
Log direcotry: /cygdrive/c/Users/cp555323/Desktop/AliBaig/Tokenizer_unix/log
Log file: /cygdrive/c/Users/cp555323/Desktop/AliBaig/Tokenizer_unix/log/parser.log
Source: /cygdrive/c/Users/cp555323/Desktop/AliBaig/Tokenizer_unix/src/src_for_tokenization/SQL/All_Base_Off_Contract.sql
Target: /cygdrive/c/Users/cp555323/Desktop/AliBaig/Tokenizer_unix/src/src_for_tokenization/SQL/All_Base_Off_Contract.sql_20160516164152
-----------------------------

Copying /cygdrive/c/Users/cp555323/Desktop/AliBaig/Tokenizer_unix/src/src_for_tokenization/SQL/All_Base_Off_Contract.sql to /cygdrive/c/Users/cp555323/Desktop/AliBaig/Tokenizer_unix/src/src_for_tokenization/SQL/All_Base_Off_Contract.sql_20160516164152
Please wait...
Copying done.


Root directory: /cygdrive/c/Users/cp555323/Desktop/AliBaig/Tokenizer_unix
Log direcotry: /cygdrive/c/Users/cp555323/Desktop/AliBaig/Tokenizer_unix/log
Log file: /cygdrive/c/Users/cp555323/Desktop/AliBaig/Tokenizer_unix/log/parser.log
Source: /cygdrive/c/Users/cp555323/Desktop/AliBaig/Tokenizer_unix/src/src_for_tokenization/SQL/All_Base_Off_Contract.sql
Target: /cygdrive/c/Users/cp555323/Desktop/AliBaig/Tokenizer_unix/src/src_for_tokenization/SQL/All_Base_Off_Contract.sql_20160516164158
-----------------------------

Copying /cygdrive/c/Users/cp555323/Desktop/AliBaig/Tokenizer_unix/src/src_for_tokenization/SQL/All_Base_Off_Contract.sql to /cygdrive/c/Users/cp555323/Desktop/AliBaig/Tokenizer_unix/src/src_for_tokenization/SQL/All_Base_Off_Contract.sql_20160516164158
Please wait...
Copying done.


Root directory: /cygdrive/c/Users/cp555323/Desktop/AliBaig/Tokenizer_unix
Log direcotry: /cygdrive/c/Users/cp555323/Desktop/AliBaig/Tokenizer_unix/log
Log file: /cygdrive/c/Users/cp555323/Desktop/AliBaig/Tokenizer_unix/log/parser.log
Source: /cygdrive/c/Users/cp555323/Desktop/AliBaig/Tokenizer_unix/src/src_for_tokenization/SQL/All_Base_Off_Contract.sql
Target: /cygdrive/c/Users/cp555323/Desktop/AliBaig/Tokenizer_unix/src/src_for_tokenization/SQL/All_Base_Off_Contract.sql_20160516164205
-----------------------------

Copying /cygdrive/c/Users/cp555323/Desktop/AliBaig/Tokenizer_unix/src/src_for_tokenization/SQL/All_Base_Off_Contract.sql to /cygdrive/c/Users/cp555323/Desktop/AliBaig/Tokenizer_unix/src/src_for_tokenization/SQL/All_Base_Off_Contract.sql_20160516164205
Please wait...
Copying done.


Root directory: /cygdrive/c/Users/cp555323/Desktop/AliBaig/Tokenizer_unix
Log direcotry: /cygdrive/c/Users/cp555323/Desktop/AliBaig/Tokenizer_unix/log
Log file: /cygdrive/c/Users/cp555323/Desktop/AliBaig/Tokenizer_unix/log/parser.log
Source: /cygdrive/c/Users/cp555323/Desktop/AliBaig/Tokenizer_unix/src/src_for_tokenization/SQL/All_Base_Off_Contract.sql
Target: /cygdrive/c/Users/cp555323/Desktop/AliBaig/Tokenizer_unix/src/src_for_tokenization/SQL/All_Base_Off_Contract.sql_20160516164212
-----------------------------

Copying /cygdrive/c/Users/cp555323/Desktop/AliBaig/Tokenizer_unix/src/src_for_tokenization/SQL/All_Base_Off_Contract.sql to /cygdrive/c/Users/cp555323/Desktop/AliBaig/Tokenizer_unix/src/src_for_tokenization/SQL/All_Base_Off_Contract.sql_20160516164212
Please wait...
Copying done.


Root directory: /cygdrive/c/Users/cp555323/Desktop/AliBaig/Tokenizer_unix
Log direcotry: /cygdrive/c/Users/cp555323/Desktop/AliBaig/Tokenizer_unix/log
Log file: /cygdrive/c/Users/cp555323/Desktop/AliBaig/Tokenizer_unix/log/parser.log
Source: /cygdrive/c/Users/cp555323/Desktop/AliBaig/Tokenizer_unix/src/src_for_tokenization/SQL/All_Base_Off_Contract.sql
Target: /cygdrive/c/Users/cp555323/Desktop/AliBaig/Tokenizer_unix/src/src_for_tokenization/SQL/All_Base_Off_Contract.sql_20160516164257
-----------------------------

Copying /cygdrive/c/Users/cp555323/Desktop/AliBaig/Tokenizer_unix/src/src_for_tokenization/SQL/All_Base_Off_Contract.sql to /cygdrive/c/Users/cp555323/Desktop/AliBaig/Tokenizer_unix/src/src_for_tokenization/SQL/All_Base_Off_Contract.sql_20160516164257
Please wait...
Copying done.


Root directory: /cygdrive/c/Users/cp555323/Desktop/AliBaig/Tokenizer_unix
Log direcotry: /cygdrive/c/Users/cp555323/Desktop/AliBaig/Tokenizer_unix/log
Log file: /cygdrive/c/Users/cp555323/Desktop/AliBaig/Tokenizer_unix/log/parser.log
Source: /cygdrive/c/Users/cp555323/Desktop/AliBaig/Tokenizer_unix/src/src_for_tokenization/SQL/All_Base_Off_Contract.sql
Target: /cygdrive/c/Users/cp555323/Desktop/AliBaig/Tokenizer_unix/src/src_for_tokenization/SQL/All_Base_Off_Contract.sql_20160516164420
-----------------------------

Copying /cygdrive/c/Users/cp555323/Desktop/AliBaig/Tokenizer_unix/src/src_for_tokenization/SQL/All_Base_Off_Contract.sql to /cygdrive/c/Users/cp555323/Desktop/AliBaig/Tokenizer_unix/src/src_for_tokenization/SQL/All_Base_Off_Contract.sql_20160516164420
Please wait...
Copying done.


Root directory: /cygdrive/c/Users/cp555323/Desktop/AliBaig/Tokenizer_unix
Log direcotry: /cygdrive/c/Users/cp555323/Desktop/AliBaig/Tokenizer_unix/log
Log file: /cygdrive/c/Users/cp555323/Desktop/AliBaig/Tokenizer_unix/log/parser.log
Source: /cygdrive/c/Users/cp555323/Desktop/AliBaig/Tokenizer_unix/src/src_for_tokenization/SQL/All_Base_Off_Contract.sql
Target: /cygdrive/c/Users/cp555323/Desktop/AliBaig/Tokenizer_unix/src/src_for_tokenization/SQL/All_Base_Off_Contract.sql_20160516164929
-----------------------------

Copying /cygdrive/c/Users/cp555323/Desktop/AliBaig/Tokenizer_unix/src/src_for_tokenization/SQL/All_Base_Off_Contract.sql to /cygdrive/c/Users/cp555323/Desktop/AliBaig/Tokenizer_unix/src/src_for_tokenization/SQL/All_Base_Off_Contract.sql_20160516164929
Please wait...
Copying done.


Root directory: /cygdrive/c/Users/cp555323/Desktop/AliBaig/Tokenizer_unix
Log direcotry: /cygdrive/c/Users/cp555323/Desktop/AliBaig/Tokenizer_unix/log
Log file: /cygdrive/c/Users/cp555323/Desktop/AliBaig/Tokenizer_unix/log/parser.log
Source: /cygdrive/c/Users/cp555323/Desktop/AliBaig/Tokenizer_unix/src/src_for_tokenization/SQL/All_Base_Off_Contract.sql
Target: /cygdrive/c/Users/cp555323/Desktop/AliBaig/Tokenizer_unix/src/src_for_tokenization/SQL/All_Base_Off_Contract.sql_20160516165055
-----------------------------

Copying /cygdrive/c/Users/cp555323/Desktop/AliBaig/Tokenizer_unix/src/src_for_tokenization/SQL/All_Base_Off_Contract.sql to /cygdrive/c/Users/cp555323/Desktop/AliBaig/Tokenizer_unix/src/src_for_tokenization/SQL/All_Base_Off_Contract.sql_20160516165055
Please wait...
Copying done.


Root directory: /cygdrive/c/Users/cp555323/Desktop/AliBaig/Tokenizer_unix
Log direcotry: /cygdrive/c/Users/cp555323/Desktop/AliBaig/Tokenizer_unix/log
Log file: /cygdrive/c/Users/cp555323/Desktop/AliBaig/Tokenizer_unix/log/parser.log
Source: /cygdrive/c/Users/cp555323/Desktop/AliBaig/Tokenizer_unix/src/src_for_tokenization/SQL/All_Base_Off_Contract.sql
Target: /cygdrive/c/Users/cp555323/Desktop/AliBaig/Tokenizer_unix/src/src_for_tokenization/SQL/All_Base_Off_Contract.sql_20160516172006
-----------------------------

Copying /cygdrive/c/Users/cp555323/Desktop/AliBaig/Tokenizer_unix/src/src_for_tokenization/SQL/All_Base_Off_Contract.sql to /cygdrive/c/Users/cp555323/Desktop/AliBaig/Tokenizer_unix/src/src_for_tokenization/SQL/All_Base_Off_Contract.sql_20160516172006
Please wait...
Copying done.


Root directory: /cygdrive/c/Users/cp555323/Desktop/AliBaig/Tokenizer_unix
Log direcotry: /cygdrive/c/Users/cp555323/Desktop/AliBaig/Tokenizer_unix/log
Log file: /cygdrive/c/Users/cp555323/Desktop/AliBaig/Tokenizer_unix/log/parser.log
Source: /cygdrive/c/Users/cp555323/Desktop/AliBaig/Tokenizer_unix/src/src_for_tokenization/SQL/All_Base_Off_Contract.sql
Target: /cygdrive/c/Users/cp555323/Desktop/AliBaig/Tokenizer_unix/src/src_for_tokenization/SQL/All_Base_Off_Contract.sql_20160516172103
-----------------------------

Copying /cygdrive/c/Users/cp555323/Desktop/AliBaig/Tokenizer_unix/src/src_for_tokenization/SQL/All_Base_Off_Contract.sql to /cygdrive/c/Users/cp555323/Desktop/AliBaig/Tokenizer_unix/src/src_for_tokenization/SQL/All_Base_Off_Contract.sql_20160516172103
Please wait...
Copying done.


Root directory: /cygdrive/c/Users/cp555323/Desktop/AliBaig/Tokenizer_unix
Log direcotry: /cygdrive/c/Users/cp555323/Desktop/AliBaig/Tokenizer_unix/log
Log file: /cygdrive/c/Users/cp555323/Desktop/AliBaig/Tokenizer_unix/log/parser.log
Source: /cygdrive/c/Users/cp555323/Desktop/AliBaig/Tokenizer_unix/src/src_for_tokenization/SQL/All_Base_Off_Contract.sql
Target: /cygdrive/c/Users/cp555323/Desktop/AliBaig/Tokenizer_unix/src/src_for_tokenization/SQL/All_Base_Off_Contract.sql_20160516172947
-----------------------------

Copying /cygdrive/c/Users/cp555323/Desktop/AliBaig/Tokenizer_unix/src/src_for_tokenization/SQL/All_Base_Off_Contract.sql to /cygdrive/c/Users/cp555323/Desktop/AliBaig/Tokenizer_unix/src/src_for_tokenization/SQL/All_Base_Off_Contract.sql_20160516172947
Please wait...
Copying done.


Root directory: /cygdrive/c/Users/cp555323/Desktop/AliBaig/Tokenizer_unix
Log direcotry: /cygdrive/c/Users/cp555323/Desktop/AliBaig/Tokenizer_unix/log
Log file: /cygdrive/c/Users/cp555323/Desktop/AliBaig/Tokenizer_unix/log/parser.log
Source: /cygdrive/c/Users/cp555323/Desktop/AliBaig/Tokenizer_unix/src/src_for_tokenization/SQL/All_Base_Off_Contract.sql
Target: /cygdrive/c/Users/cp555323/Desktop/AliBaig/Tokenizer_unix/src/src_for_tokenization/SQL/All_Base_Off_Contract.sql_20160516173037
-----------------------------

Copying /cygdrive/c/Users/cp555323/Desktop/AliBaig/Tokenizer_unix/src/src_for_tokenization/SQL/All_Base_Off_Contract.sql to /cygdrive/c/Users/cp555323/Desktop/AliBaig/Tokenizer_unix/src/src_for_tokenization/SQL/All_Base_Off_Contract.sql_20160516173037
Please wait...
Copying done.


Root directory: /cygdrive/c/Users/cp555323/Desktop/AliBaig/Tokenizer_unix
Log direcotry: /cygdrive/c/Users/cp555323/Desktop/AliBaig/Tokenizer_unix/log
Log file: /cygdrive/c/Users/cp555323/Desktop/AliBaig/Tokenizer_unix/log/parser.log
Source: /cygdrive/c/Users/cp555323/Desktop/AliBaig/Tokenizer_unix/src/src_for_tokenization/SQL/All_Base_Off_Contract.sql
Target: /cygdrive/c/Users/cp555323/Desktop/AliBaig/Tokenizer_unix/src/src_for_tokenization/SQL/All_Base_Off_Contract.sql_20160516173245
-----------------------------

Copying /cygdrive/c/Users/cp555323/Desktop/AliBaig/Tokenizer_unix/src/src_for_tokenization/SQL/All_Base_Off_Contract.sql to /cygdrive/c/Users/cp555323/Desktop/AliBaig/Tokenizer_unix/src/src_for_tokenization/SQL/All_Base_Off_Contract.sql_20160516173245
Please wait...
Copying done.


Root directory: /cygdrive/c/Users/cp555323/Desktop/AliBaig/Tokenizer_unix
Log direcotry: /cygdrive/c/Users/cp555323/Desktop/AliBaig/Tokenizer_unix/log
Log file: /cygdrive/c/Users/cp555323/Desktop/AliBaig/Tokenizer_unix/log/parser.log
Source: /cygdrive/c/Users/cp555323/Desktop/AliBaig/Tokenizer_unix/src/src_for_tokenization/SQL/All_Base_Off_Contract.sql
Target: /cygdrive/c/Users/cp555323/Desktop/AliBaig/Tokenizer_unix/src/src_for_tokenization/SQL/All_Base_Off_Contract.sql_20160516173304
-----------------------------

Copying /cygdrive/c/Users/cp555323/Desktop/AliBaig/Tokenizer_unix/src/src_for_tokenization/SQL/All_Base_Off_Contract.sql to /cygdrive/c/Users/cp555323/Desktop/AliBaig/Tokenizer_unix/src/src_for_tokenization/SQL/All_Base_Off_Contract.sql_20160516173304
Please wait...
Copying done.


Root directory: /cygdrive/c/Users/cp555323/Desktop/AliBaig/Tokenizer_unix
Log direcotry: /cygdrive/c/Users/cp555323/Desktop/AliBaig/Tokenizer_unix/log
Log file: /cygdrive/c/Users/cp555323/Desktop/AliBaig/Tokenizer_unix/log/parser.log
Source: /cygdrive/c/Users/cp555323/Desktop/AliBaig/Tokenizer_unix/src/src_for_tokenization/SQL/All_Base_Off_Contract.sql
Target: /cygdrive/c/Users/cp555323/Desktop/AliBaig/Tokenizer_unix/src/src_for_tokenization/SQL/All_Base_Off_Contract.sql_20160516173314
-----------------------------

Copying /cygdrive/c/Users/cp555323/Desktop/AliBaig/Tokenizer_unix/src/src_for_tokenization/SQL/All_Base_Off_Contract.sql to /cygdrive/c/Users/cp555323/Desktop/AliBaig/Tokenizer_unix/src/src_for_tokenization/SQL/All_Base_Off_Contract.sql_20160516173314
Please wait...
Copying done.


Root directory: /cygdrive/c/Users/cp555323/Desktop/AliBaig/Tokenizer_unix
Log direcotry: /cygdrive/c/Users/cp555323/Desktop/AliBaig/Tokenizer_unix/log
Log file: /cygdrive/c/Users/cp555323/Desktop/AliBaig/Tokenizer_unix/log/parser.log
Source: /cygdrive/c/Users/cp555323/Desktop/AliBaig/Tokenizer_unix/src/src_for_tokenization/SQL/All_Base_Off_Contract.sql
Target: /cygdrive/c/Users/cp555323/Desktop/AliBaig/Tokenizer_unix/src/src_for_tokenization/SQL/All_Base_Off_Contract.sql_20160516173735
-----------------------------

Copying /cygdrive/c/Users/cp555323/Desktop/AliBaig/Tokenizer_unix/src/src_for_tokenization/SQL/All_Base_Off_Contract.sql to /cygdrive/c/Users/cp555323/Desktop/AliBaig/Tokenizer_unix/src/src_for_tokenization/SQL/All_Base_Off_Contract.sql_20160516173735
Please wait...
Copying done.

Tokenizing the scripts using configuration file: /cygdrive/c/Users/cp555323/Desktop/AliBaig/Tokenizer_unix/etc/config.ini
Start: Replacing tokens in /cygdrive/c/Users/cp555323/Desktop/AliBaig/Tokenizer_unix/src/src_for_tokenization/SQL/All_Base_Off_Contract.sql_20160516173735 at 17:37:37
Please wait...
Modified following files
/cygdrive/c/Users/cp555323/Desktop/AliBaig/Tokenizer_unix/src/src_for_tokenization/SQL/All_Base_Off_Contract.sql

Finished: Replacing tokens in /cygdrive/c/Users/cp555323/Desktop/AliBaig/Tokenizer_unix/src/src_for_tokenization/SQL/All_Base_Off_Contract.sql_20160516173735 at 17:37:37

Root directory: /cygdrive/c/Users/cp555323/Desktop/AliBaig/Tokenizer_unix
Log direcotry: /cygdrive/c/Users/cp555323/Desktop/AliBaig/Tokenizer_unix/log
Log file: /cygdrive/c/Users/cp555323/Desktop/AliBaig/Tokenizer_unix/log/parser.log
Source: /cygdrive/c/Users/cp555323/Desktop/AliBaig/Tokenizer_unix/src/src_for_tokenization
Target: /cygdrive/c/Users/cp555323/Desktop/AliBaig/Tokenizer_unix/src/src_for_tokenization_20160517111727
-----------------------------

Copying /cygdrive/c/Users/cp555323/Desktop/AliBaig/Tokenizer_unix/src/src_for_tokenization to /cygdrive/c/Users/cp555323/Desktop/AliBaig/Tokenizer_unix/src/src_for_tokenization_20160517111727
Please wait...
Copying done.

Filtering files from target directory /cygdrive/c/Users/cp555323/Desktop/AliBaig/Tokenizer_unix/src/src_for_tokenization_20160517111727
Tokenizing the scripts using configuration file: /cygdrive/c/Users/cp555323/Desktop/AliBaig/Tokenizer_unix/etc/config.ini
Start: Replacing tokens in /cygdrive/c/Users/cp555323/Desktop/AliBaig/Tokenizer_unix/src/src_for_tokenization_20160517111727 at 11:17:31
Please wait...
Modified following files
/cygdrive/c/Users/cp555323/Desktop/AliBaig/Tokenizer_unix/src/src_for_tokenization_20160517111727/Admin/housekeeping/bteg_chk_cube_data_dt.sql
/cygdrive/c/Users/cp555323/Desktop/AliBaig/Tokenizer_unix/src/src_for_tokenization_20160517111727/refresh_sales_cube/archive/daily_load_stg1 20150407.sql
/cygdrive/c/Users/cp555323/Desktop/AliBaig/Tokenizer_unix/src/src_for_tokenization_20160517111727/refresh_sales_cube/daily_load_stg1.sql
/cygdrive/c/Users/cp555323/Desktop/AliBaig/Tokenizer_unix/src/src_for_tokenization_20160517111727/refresh_sales_cube/install/EDW.sql
/cygdrive/c/Users/cp555323/Desktop/AliBaig/Tokenizer_unix/src/src_for_tokenization_20160517111727/refresh_sales_cube/macros_stg1/spcomm.all_daily_add_churn_010.sql
/cygdrive/c/Users/cp555323/Desktop/AliBaig/Tokenizer_unix/src/src_for_tokenization_20160517111727/refresh_sales_cube/macros_stg2/spcomm.all_daily_add_churn_127a_hs_wk.sql
/cygdrive/c/Users/cp555323/Desktop/AliBaig/Tokenizer_unix/src/src_for_tokenization_20160517111727/SQL/All_Base_Off_Contract.sql
/cygdrive/c/Users/cp555323/Desktop/AliBaig/Tokenizer_unix/src/src_for_tokenization_20160517111727/SQL/All_Churns_Off_Contract.sql
/cygdrive/c/Users/cp555323/Desktop/AliBaig/Tokenizer_unix/src/src_for_tokenization_20160517111727/SQL/Archive/backup for Fixing Fixed/Fixed_Check_Data.sql
/cygdrive/c/Users/cp555323/Desktop/AliBaig/Tokenizer_unix/src/src_for_tokenization_20160517111727/SQL/Archive/Da_Rpc_Arpu_Load_bf_20130523.sql
/cygdrive/c/Users/cp555323/Desktop/AliBaig/Tokenizer_unix/src/src_for_tokenization_20160517111727/SQL/Archive/recontract/20121011/SMB_Daily_Recontracts_Load_20120801.sql
/cygdrive/c/Users/cp555323/Desktop/AliBaig/Tokenizer_unix/src/src_for_tokenization_20160517111727/SQL/Archive/recontract/SMB_Daily_Recontracts_Load_20130710.sql
/cygdrive/c/Users/cp555323/Desktop/AliBaig/Tokenizer_unix/src/src_for_tokenization_20160517111727/SQL/temp/DA_RPC_ARPU_PACKAGE/Da_Rpc_Arpu_Load.sql
/cygdrive/c/Users/cp555323/Desktop/AliBaig/Tokenizer_unix/src/src_for_tokenization_20160517111727/SQL/temp/DA_RPC_ARPU_PACKAGE/load_date.sql

Finished: Replacing tokens in /cygdrive/c/Users/cp555323/Desktop/AliBaig/Tokenizer_unix/src/src_for_tokenization_20160517111727 at 11:17:35
