
Root directory: /cygdrive/c/Users/CP555323/Desktop/AliBaig/Tokenizer_unix
Log direcotry: /cygdrive/c/Users/CP555323/Desktop/AliBaig/Tokenizer_unix/log
Log file: /cygdrive/c/Users/CP555323/Desktop/AliBaig/Tokenizer_unix/log/retarget.log
Source: /cygdrive/c/Users/cp555323/Desktop/AliBaig/Tokenizer_unix/src/src_for_tokenization/SQL/All_Base_Off_Contract.sql
Target: /cygdrive/c/Users/cp555323/Desktop/AliBaig/Tokenizer_unix/src/src_for_tokenization/SQL/All_Base_Off_Contract.sql_20160527130216
-----------------------------

Copying /cygdrive/c/Users/cp555323/Desktop/AliBaig/Tokenizer_unix/src/src_for_tokenization/SQL/All_Base_Off_Contract.sql to /cygdrive/c/Users/cp555323/Desktop/AliBaig/Tokenizer_unix/src/src_for_tokenization/SQL/All_Base_Off_Contract.sql_20160527130216
Please wait...
Copying done.

Tokenizing the scripts using configuration file: /cygdrive/c/Users/CP555323/Desktop/AliBaig/Tokenizer_unix/etc/config.ini
Start: Replacing tokens in /cygdrive/c/Users/cp555323/Desktop/AliBaig/Tokenizer_unix/src/src_for_tokenization/SQL/All_Base_Off_Contract.sql_20160527130216 at 13:02:18
Please wait...
Modified following files
/cygdrive/c/Users/cp555323/Desktop/AliBaig/Tokenizer_unix/src/src_for_tokenization/SQL/All_Base_Off_Contract.sql

Finished: Replacing tokens in /cygdrive/c/Users/cp555323/Desktop/AliBaig/Tokenizer_unix/src/src_for_tokenization/SQL/All_Base_Off_Contract.sql_20160527130216 at 13:02:18

Root directory: /cygdrive/c/Users/CP555323/Desktop/AliBaig/Tokenizer_unix
Log direcotry: /cygdrive/c/Users/CP555323/Desktop/AliBaig/Tokenizer_unix/log
Log file: /cygdrive/c/Users/CP555323/Desktop/AliBaig/Tokenizer_unix/log/retarget.log
Source: /cygdrive/c/Users/cp555323/Desktop/AliBaig/Tokenizer_unix/src/src_for_tokenization/SQL/All_Base_Off_Contract.sql
Target: /cygdrive/c/Users/cp555323/Desktop/AliBaig/Tokenizer_unix/src/src_for_tokenization/SQL/All_Base_Off_Contract.sql_20160527131738
-----------------------------

Copying /cygdrive/c/Users/cp555323/Desktop/AliBaig/Tokenizer_unix/src/src_for_tokenization/SQL/All_Base_Off_Contract.sql to /cygdrive/c/Users/cp555323/Desktop/AliBaig/Tokenizer_unix/src/src_for_tokenization/SQL/All_Base_Off_Contract.sql_20160527131738
Please wait...
Copying done.

Tokenizing the scripts using configuration file: /cygdrive/c/Users/CP555323/Desktop/AliBaig/Tokenizer_unix/etc/config.ini
Start: Replacing tokens in /cygdrive/c/Users/cp555323/Desktop/AliBaig/Tokenizer_unix/src/src_for_tokenization/SQL/All_Base_Off_Contract.sql_20160527131738 at 13:17:40
Please wait...
Modified following files
/cygdrive/c/Users/cp555323/Desktop/AliBaig/Tokenizer_unix/src/src_for_tokenization/SQL/All_Base_Off_Contract.sql

Finished: Replacing tokens in /cygdrive/c/Users/cp555323/Desktop/AliBaig/Tokenizer_unix/src/src_for_tokenization/SQL/All_Base_Off_Contract.sql_20160527131738 at 13:17:40

Root directory: /cygdrive/c/Users/CP555323/Desktop/AliBaig/Tokenizer_unix
Log direcotry: /cygdrive/c/Users/CP555323/Desktop/AliBaig/Tokenizer_unix/log
Log file: /cygdrive/c/Users/CP555323/Desktop/AliBaig/Tokenizer_unix/log/retarget.log
Source: /cygdrive/c/Users/cp555323/Desktop/AliBaig/Tokenizer_unix/src/src_for_tokenization/SQL/All_Base_Off_Contract.sql
Target: /cygdrive/c/Users/cp555323/Desktop/AliBaig/Tokenizer_unix/src/src_for_tokenization/SQL/All_Base_Off_Contract.sql_20160527131758
-----------------------------

Copying /cygdrive/c/Users/cp555323/Desktop/AliBaig/Tokenizer_unix/src/src_for_tokenization/SQL/All_Base_Off_Contract.sql to /cygdrive/c/Users/cp555323/Desktop/AliBaig/Tokenizer_unix/src/src_for_tokenization/SQL/All_Base_Off_Contract.sql_20160527131758
Please wait...
Copying done.

Tokenizing the scripts using configuration file: /cygdrive/c/Users/CP555323/Desktop/AliBaig/Tokenizer_unix/etc/config.ini
Start: Replacing tokens in /cygdrive/c/Users/cp555323/Desktop/AliBaig/Tokenizer_unix/src/src_for_tokenization/SQL/All_Base_Off_Contract.sql_20160527131758 at 13:18:00
Please wait...
Modified following files
/cygdrive/c/Users/cp555323/Desktop/AliBaig/Tokenizer_unix/src/src_for_tokenization/SQL/All_Base_Off_Contract.sql

Finished: Replacing tokens in /cygdrive/c/Users/cp555323/Desktop/AliBaig/Tokenizer_unix/src/src_for_tokenization/SQL/All_Base_Off_Contract.sql_20160527131758 at 13:18:00

Root directory: /cygdrive/c/Users/CP555323/Desktop/AliBaig/Tokenizer_unix
Log direcotry: /cygdrive/c/Users/CP555323/Desktop/AliBaig/Tokenizer_unix/log
Log file: /cygdrive/c/Users/CP555323/Desktop/AliBaig/Tokenizer_unix/log/retarget.log
Source: /cygdrive/c/Users/cp555323/Desktop/AliBaig/Tokenizer_unix/src/src_for_tokenization/SQL/All_Base_Off_Contract.sql
Target: /cygdrive/c/Users/cp555323/Desktop/AliBaig/Tokenizer_unix/src/src_for_tokenization/SQL/All_Base_Off_Contract.sql_20160527141359
-----------------------------

Copying /cygdrive/c/Users/cp555323/Desktop/AliBaig/Tokenizer_unix/src/src_for_tokenization/SQL/All_Base_Off_Contract.sql to /cygdrive/c/Users/cp555323/Desktop/AliBaig/Tokenizer_unix/src/src_for_tokenization/SQL/All_Base_Off_Contract.sql_20160527141359
Please wait...
Copying done.

Tokenizing the scripts using configuration file: /cygdrive/c/Users/CP555323/Desktop/AliBaig/Tokenizer_unix/etc/config.ini

Root directory: /cygdrive/c/Users/CP555323/Desktop/AliBaig/Tokenizer_unix
Log direcotry: /cygdrive/c/Users/CP555323/Desktop/AliBaig/Tokenizer_unix/log
Log file: /cygdrive/c/Users/CP555323/Desktop/AliBaig/Tokenizer_unix/log/retarget.log
Source: /cygdrive/c/Users/cp555323/Desktop/AliBaig/Tokenizer_unix/src/src_for_tokenization/SQL/All_Base_Off_Contract.sql
Target: /cygdrive/c/Users/cp555323/Desktop/AliBaig/Tokenizer_unix/src/src_for_tokenization/SQL/All_Base_Off_Contract.sql_20160527141633
-----------------------------

Copying /cygdrive/c/Users/cp555323/Desktop/AliBaig/Tokenizer_unix/src/src_for_tokenization/SQL/All_Base_Off_Contract.sql to /cygdrive/c/Users/cp555323/Desktop/AliBaig/Tokenizer_unix/src/src_for_tokenization/SQL/All_Base_Off_Contract.sql_20160527141633
Please wait...
Copying done.


Root directory: /cygdrive/c/Users/CP555323/Desktop/AliBaig/Tokenizer_unix
Log direcotry: /cygdrive/c/Users/CP555323/Desktop/AliBaig/Tokenizer_unix/log
Log file: /cygdrive/c/Users/CP555323/Desktop/AliBaig/Tokenizer_unix/log/retarget.log
Source: /cygdrive/c/Users/cp555323/Desktop/AliBaig/Tokenizer_unix/src/src_for_tokenization/SQL/All_Base_Off_Contract.sql
Target: /cygdrive/c/Users/cp555323/Desktop/AliBaig/Tokenizer_unix/src/src_for_tokenization/SQL/All_Base_Off_Contract.sql_20160527142246
-----------------------------

Copying /cygdrive/c/Users/cp555323/Desktop/AliBaig/Tokenizer_unix/src/src_for_tokenization/SQL/All_Base_Off_Contract.sql to /cygdrive/c/Users/cp555323/Desktop/AliBaig/Tokenizer_unix/src/src_for_tokenization/SQL/All_Base_Off_Contract.sql_20160527142246
Please wait...
Copying done.


Root directory: /cygdrive/c/Users/CP555323/Desktop/AliBaig/Tokenizer_unix
Log direcotry: /cygdrive/c/Users/CP555323/Desktop/AliBaig/Tokenizer_unix/log
Log file: /cygdrive/c/Users/CP555323/Desktop/AliBaig/Tokenizer_unix/log/retarget.log
Source: /cygdrive/c/Users/cp555323/Desktop/AliBaig/Tokenizer_unix/src/src_for_tokenization/SQL/All_Base_Off_Contract.sql
Target: /cygdrive/c/Users/cp555323/Desktop/AliBaig/Tokenizer_unix/src/src_for_tokenization/SQL/All_Base_Off_Contract.sql_20160527142348
-----------------------------

Copying /cygdrive/c/Users/cp555323/Desktop/AliBaig/Tokenizer_unix/src/src_for_tokenization/SQL/All_Base_Off_Contract.sql to /cygdrive/c/Users/cp555323/Desktop/AliBaig/Tokenizer_unix/src/src_for_tokenization/SQL/All_Base_Off_Contract.sql_20160527142348
Please wait...
Copying done.


Root directory: /cygdrive/c/Users/CP555323/Desktop/AliBaig/Tokenizer_unix
Log direcotry: /cygdrive/c/Users/CP555323/Desktop/AliBaig/Tokenizer_unix/log
Log file: /cygdrive/c/Users/CP555323/Desktop/AliBaig/Tokenizer_unix/log/retarget.log
Source: /cygdrive/c/Users/cp555323/Desktop/AliBaig/Tokenizer_unix/src/src_for_tokenization/SQL/All_Base_Off_Contract.sql
Target: /cygdrive/c/Users/cp555323/Desktop/AliBaig/Tokenizer_unix/src/src_for_tokenization/SQL/All_Base_Off_Contract.sql_20160527142411
-----------------------------

Copying /cygdrive/c/Users/cp555323/Desktop/AliBaig/Tokenizer_unix/src/src_for_tokenization/SQL/All_Base_Off_Contract.sql to /cygdrive/c/Users/cp555323/Desktop/AliBaig/Tokenizer_unix/src/src_for_tokenization/SQL/All_Base_Off_Contract.sql_20160527142411
Please wait...
Copying done.


Root directory: /cygdrive/c/Users/CP555323/Desktop/AliBaig/Tokenizer_unix
Log direcotry: /cygdrive/c/Users/CP555323/Desktop/AliBaig/Tokenizer_unix/log
Log file: /cygdrive/c/Users/CP555323/Desktop/AliBaig/Tokenizer_unix/log/retarget.log
Source: /cygdrive/c/Users/cp555323/Desktop/AliBaig/Tokenizer_unix/src/src_for_tokenization/SQL/All_Base_Off_Contract.sql
Target: /cygdrive/c/Users/cp555323/Desktop/AliBaig/Tokenizer_unix/src/src_for_tokenization/SQL/All_Base_Off_Contract.sql_20160527142429
-----------------------------

Copying /cygdrive/c/Users/cp555323/Desktop/AliBaig/Tokenizer_unix/src/src_for_tokenization/SQL/All_Base_Off_Contract.sql to /cygdrive/c/Users/cp555323/Desktop/AliBaig/Tokenizer_unix/src/src_for_tokenization/SQL/All_Base_Off_Contract.sql_20160527142429
Please wait...
Copying done.


Root directory: /cygdrive/c/Users/CP555323/Desktop/AliBaig/Tokenizer_unix
Log direcotry: /cygdrive/c/Users/CP555323/Desktop/AliBaig/Tokenizer_unix/log
Log file: /cygdrive/c/Users/CP555323/Desktop/AliBaig/Tokenizer_unix/log/retarget.log
Source: /cygdrive/c/Users/cp555323/Desktop/AliBaig/Tokenizer_unix/src/src_for_tokenization/SQL/All_Base_Off_Contract.sql
Target: /cygdrive/c/Users/cp555323/Desktop/AliBaig/Tokenizer_unix/src/src_for_tokenization/SQL/All_Base_Off_Contract.sql_20160527142449
-----------------------------

Copying /cygdrive/c/Users/cp555323/Desktop/AliBaig/Tokenizer_unix/src/src_for_tokenization/SQL/All_Base_Off_Contract.sql to /cygdrive/c/Users/cp555323/Desktop/AliBaig/Tokenizer_unix/src/src_for_tokenization/SQL/All_Base_Off_Contract.sql_20160527142449
Please wait...
Copying done.

Tokenizing the scripts using configuration file: /cygdrive/c/Users/CP555323/Desktop/AliBaig/Tokenizer_unix/etc/config.ini
De-Tokenizing the scripts using configuration file: /cygdrive/c/Users/CP555323/Desktop/AliBaig/Tokenizer_unix/etc/detokenizer_replacement_values.ini
Start: Replacing tokens in /cygdrive/c/Users/cp555323/Desktop/AliBaig/Tokenizer_unix/src/src_for_tokenization/SQL/All_Base_Off_Contract.sql_20160527142449 at 14:24:51
Please wait...
Modified following files
/cygdrive/c/Users/cp555323/Desktop/AliBaig/Tokenizer_unix/src/src_for_tokenization/SQL/All_Base_Off_Contract.sql

Finished: Replacing tokens in /cygdrive/c/Users/cp555323/Desktop/AliBaig/Tokenizer_unix/src/src_for_tokenization/SQL/All_Base_Off_Contract.sql_20160527142449 at 14:24:52

Root directory: /cygdrive/c/Users/CP555323/Desktop/AliBaig/Tokenizer_unix
Log direcotry: /cygdrive/c/Users/CP555323/Desktop/AliBaig/Tokenizer_unix/log
Log file: /cygdrive/c/Users/CP555323/Desktop/AliBaig/Tokenizer_unix/log/retarget.log
Source: /cygdrive/c/Users/cp555323/Desktop/AliBaig/Tokenizer_unix/src/src_for_tokenization/SQL/All_Base_Off_Contract.sql
Target: /cygdrive/c/Users/cp555323/Desktop/AliBaig/Tokenizer_unix/src/src_for_tokenization/SQL/All_Base_Off_Contract.sql_20160527142815
-----------------------------

Copying /cygdrive/c/Users/cp555323/Desktop/AliBaig/Tokenizer_unix/src/src_for_tokenization/SQL/All_Base_Off_Contract.sql to /cygdrive/c/Users/cp555323/Desktop/AliBaig/Tokenizer_unix/src/src_for_tokenization/SQL/All_Base_Off_Contract.sql_20160527142815
Please wait...
Copying done.

Tokenizing the scripts using configuration file: /cygdrive/c/Users/CP555323/Desktop/AliBaig/Tokenizer_unix/etc/config.ini
De-Tokenizing the scripts using configuration file: /cygdrive/c/Users/CP555323/Desktop/AliBaig/Tokenizer_unix/etc/detokenizer_replacement_values.ini
Start: Replacing tokens in /cygdrive/c/Users/cp555323/Desktop/AliBaig/Tokenizer_unix/src/src_for_tokenization/SQL/All_Base_Off_Contract.sql_20160527142815 at 14:28:17
Please wait...
Modified following files
/cygdrive/c/Users/cp555323/Desktop/AliBaig/Tokenizer_unix/src/src_for_tokenization/SQL/All_Base_Off_Contract.sql

Finished: Replacing tokens in /cygdrive/c/Users/cp555323/Desktop/AliBaig/Tokenizer_unix/src/src_for_tokenization/SQL/All_Base_Off_Contract.sql_20160527142815 at 14:28:18

Root directory: /cygdrive/c/Users/CP555323/Desktop/AliBaig/Tokenizer_unix
Log direcotry: /cygdrive/c/Users/CP555323/Desktop/AliBaig/Tokenizer_unix/log
Log file: /cygdrive/c/Users/CP555323/Desktop/AliBaig/Tokenizer_unix/log/retarget.log
Source: /cygdrive/c/Users/cp555323/Desktop/AliBaig/Tokenizer_unix/src/src_for_tokenization/SQL/All_Base_Off_Contract.sql
Target: /cygdrive/c/Users/cp555323/Desktop/AliBaig/Tokenizer_unix/src/src_for_tokenization/SQL/All_Base_Off_Contract.sql_20160527142957
-----------------------------

Copying /cygdrive/c/Users/cp555323/Desktop/AliBaig/Tokenizer_unix/src/src_for_tokenization/SQL/All_Base_Off_Contract.sql to /cygdrive/c/Users/cp555323/Desktop/AliBaig/Tokenizer_unix/src/src_for_tokenization/SQL/All_Base_Off_Contract.sql_20160527142957
Please wait...
Copying done.

Tokenizing the scripts using configuration file: /cygdrive/c/Users/CP555323/Desktop/AliBaig/Tokenizer_unix/etc/config.ini
De-Tokenizing the scripts using configuration file: /cygdrive/c/Users/CP555323/Desktop/AliBaig/Tokenizer_unix/etc/detokenizer_replacement_values.ini
Start: Replacing tokens in /cygdrive/c/Users/cp555323/Desktop/AliBaig/Tokenizer_unix/src/src_for_tokenization/SQL/All_Base_Off_Contract.sql_20160527142957 at 14:29:59
Please wait...
Modified following files
/cygdrive/c/Users/cp555323/Desktop/AliBaig/Tokenizer_unix/src/src_for_tokenization/SQL/All_Base_Off_Contract.sql

Finished: Replacing tokens in /cygdrive/c/Users/cp555323/Desktop/AliBaig/Tokenizer_unix/src/src_for_tokenization/SQL/All_Base_Off_Contract.sql_20160527142957 at 14:30:00

Root directory: /cygdrive/c/Users/CP555323/Desktop/AliBaig/Tokenizer_unix
Log direcotry: /cygdrive/c/Users/CP555323/Desktop/AliBaig/Tokenizer_unix/log
Log file: /cygdrive/c/Users/CP555323/Desktop/AliBaig/Tokenizer_unix/log/retarget.log
Source: /cygdrive/c/Users/cp555323/Desktop/AliBaig/Tokenizer_unix/src/src_for_tokenization/SQL/All_Base_Off_Contract.sql
Target: /cygdrive/c/Users/cp555323/Desktop/AliBaig/Tokenizer_unix/src/src_for_tokenization/SQL/All_Base_Off_Contract.sql_20160527143020
-----------------------------

Copying /cygdrive/c/Users/cp555323/Desktop/AliBaig/Tokenizer_unix/src/src_for_tokenization/SQL/All_Base_Off_Contract.sql to /cygdrive/c/Users/cp555323/Desktop/AliBaig/Tokenizer_unix/src/src_for_tokenization/SQL/All_Base_Off_Contract.sql_20160527143020
Please wait...
Copying done.

Tokenizing the scripts using configuration file: /cygdrive/c/Users/CP555323/Desktop/AliBaig/Tokenizer_unix/etc/config.ini
De-Tokenizing the scripts using configuration file: /cygdrive/c/Users/CP555323/Desktop/AliBaig/Tokenizer_unix/etc/detokenizer_replacement_values.ini
Start: Replacing tokens in /cygdrive/c/Users/cp555323/Desktop/AliBaig/Tokenizer_unix/src/src_for_tokenization/SQL/All_Base_Off_Contract.sql_20160527143020 at 14:30:22
Please wait...
Modified following files
/cygdrive/c/Users/cp555323/Desktop/AliBaig/Tokenizer_unix/src/src_for_tokenization/SQL/All_Base_Off_Contract.sql

Finished: Replacing tokens in /cygdrive/c/Users/cp555323/Desktop/AliBaig/Tokenizer_unix/src/src_for_tokenization/SQL/All_Base_Off_Contract.sql_20160527143020 at 14:30:22

Root directory: /cygdrive/c/Users/CP555323/Desktop/AliBaig/Tokenizer_unix
Log direcotry: /cygdrive/c/Users/CP555323/Desktop/AliBaig/Tokenizer_unix/log
Log file: /cygdrive/c/Users/CP555323/Desktop/AliBaig/Tokenizer_unix/log/retarget.log
Source: /cygdrive/c/Users/cp555323/Desktop/AliBaig/Tokenizer_unix/src/src_for_tokenization/SQL/All_Base_Off_Contract.sql
Target: /cygdrive/c/Users/cp555323/Desktop/AliBaig/Tokenizer_unix/src/src_for_tokenization/SQL/All_Base_Off_Contract.sql_20160527143214
-----------------------------

Copying /cygdrive/c/Users/cp555323/Desktop/AliBaig/Tokenizer_unix/src/src_for_tokenization/SQL/All_Base_Off_Contract.sql to /cygdrive/c/Users/cp555323/Desktop/AliBaig/Tokenizer_unix/src/src_for_tokenization/SQL/All_Base_Off_Contract.sql_20160527143214
Please wait...
Copying done.

Tokenizing the scripts using configuration file: /cygdrive/c/Users/CP555323/Desktop/AliBaig/Tokenizer_unix/etc/config.ini
Start: Replacing tokens in /cygdrive/c/Users/cp555323/Desktop/AliBaig/Tokenizer_unix/src/src_for_tokenization/SQL/All_Base_Off_Contract.sql_20160527143214 at 14:32:16
Please wait...
Modified following files
/cygdrive/c/Users/cp555323/Desktop/AliBaig/Tokenizer_unix/src/src_for_tokenization/SQL/All_Base_Off_Contract.sql

Finished: Replacing tokens in /cygdrive/c/Users/cp555323/Desktop/AliBaig/Tokenizer_unix/src/src_for_tokenization/SQL/All_Base_Off_Contract.sql_20160527143214 at 14:32:16

Root directory: /c/Users/cp555323/Desktop/AliBaig/Tokenizer_unix
Log direcotry: /c/Users/cp555323/Desktop/AliBaig/Tokenizer_unix/log
Log file: /c/Users/cp555323/Desktop/AliBaig/Tokenizer_unix/log/retarget.log
Source: ../src/src_for_tokenization
Target: /c/Users/cp555323/Desktop/AliBaig/Tokenizer_unix/src/src_for_tokenization_20160809143221
-----------------------------

Copying ../src/src_for_tokenization to /c/Users/cp555323/Desktop/AliBaig/Tokenizer_unix/src/src_for_tokenization_20160809143221
Please wait...

-----------------------------Execution started at 20160809143305

Root directory: /c/Users/cp555323/Desktop/AliBaig/Tokenizer_unix
Log direcotry: /c/Users/cp555323/Desktop/AliBaig/Tokenizer_unix/log
Log file: /c/Users/cp555323/Desktop/AliBaig/Tokenizer_unix/log/retarget.log
Source: ../src/src_for_tokenization
Target: /c/Users/cp555323/Desktop/AliBaig/Tokenizer_unix/src/src_for_tokenization_20160809143305
-----------------------------

Copying ../src/src_for_tokenization to /c/Users/cp555323/Desktop/AliBaig/Tokenizer_unix/src/src_for_tokenization_20160809143305
Please wait...

-----------------------------Execution started at 20160809144137

Root directory: /c/Users/cp555323/Desktop/AliBaig/Tokenizer_unix
Log direcotry: /c/Users/cp555323/Desktop/AliBaig/Tokenizer_unix/log
Log file: /c/Users/cp555323/Desktop/AliBaig/Tokenizer_unix/log/retarget.log
Source: C:/Users/cp555323/Desktop/AliBaig/Tokenizer_unixsrc/src_for_tokenization
Target: /c/Users/cp555323/Desktop/AliBaig/Tokenizer_unix/src/src_for_tokenization_20160809144137
-----------------------------

Copying C:/Users/cp555323/Desktop/AliBaig/Tokenizer_unixsrc/src_for_tokenization to /c/Users/cp555323/Desktop/AliBaig/Tokenizer_unix/src/src_for_tokenization_20160809144137
Please wait...

-----------------------------Execution started at 20160809144415

Root directory: /c/Users/cp555323/Desktop/AliBaig/Tokenizer_unix
Log direcotry: /c/Users/cp555323/Desktop/AliBaig/Tokenizer_unix/log
Log file: /c/Users/cp555323/Desktop/AliBaig/Tokenizer_unix/log/retarget.log
Source: C:/Users/cp555323/Desktop/AliBaig/Tokenizer_unix/src/src_for_tokenization
Target: /c/Users/cp555323/Desktop/AliBaig/Tokenizer_unix/src/src_for_tokenization_20160809144415
-----------------------------

Copying C:/Users/cp555323/Desktop/AliBaig/Tokenizer_unix/src/src_for_tokenization to /c/Users/cp555323/Desktop/AliBaig/Tokenizer_unix/src/src_for_tokenization_20160809144415
Please wait...
Copying done.


-----------------------------Execution started at 20160809144701

Root directory: /c/Users/cp555323/Desktop/AliBaig/Tokenizer_unix
Log direcotry: /c/Users/cp555323/Desktop/AliBaig/Tokenizer_unix/log
Log file: /c/Users/cp555323/Desktop/AliBaig/Tokenizer_unix/log/retarget.log
Source: C:/Users/cp555323/Desktop/AliBaig/Tokenizer_unix/src/src_for_tokenization
Target: /c/Users/cp555323/Desktop/AliBaig/Tokenizer_unix/src/src_for_tokenization_20160809144701
-----------------------------

Copying C:/Users/cp555323/Desktop/AliBaig/Tokenizer_unix/src/src_for_tokenization to /c/Users/cp555323/Desktop/AliBaig/Tokenizer_unix/src/src_for_tokenization_20160809144701
Please wait...
Copying done.

Filtering files from target directory /c/Users/cp555323/Desktop/AliBaig/Tokenizer_unix/src/src_for_tokenization_20160809144701

-----------------------------Execution started at 20160809144926

Root directory: /c/Users/cp555323/Desktop/AliBaig/Tokenizer_unix
Log direcotry: /c/Users/cp555323/Desktop/AliBaig/Tokenizer_unix/log
Log file: /c/Users/cp555323/Desktop/AliBaig/Tokenizer_unix/log/retarget.log
Source: C:/Users/cp555323/Desktop/AliBaig/Tokenizer_unix/src/src_for_tokenization
Target: /c/Users/cp555323/Desktop/AliBaig/Tokenizer_unix/src/src_for_tokenization_20160809144926
-----------------------------

Copying C:/Users/cp555323/Desktop/AliBaig/Tokenizer_unix/src/src_for_tokenization to /c/Users/cp555323/Desktop/AliBaig/Tokenizer_unix/src/src_for_tokenization_20160809144926
Please wait...
Copying done.

Filtering files from target directory /c/Users/cp555323/Desktop/AliBaig/Tokenizer_unix/src/src_for_tokenization_20160809144926

-----------------------------Execution started at 20160809145045

Root directory: /c/Users/cp555323/Desktop/AliBaig/Tokenizer_unix
Log direcotry: /c/Users/cp555323/Desktop/AliBaig/Tokenizer_unix/log
Log file: /c/Users/cp555323/Desktop/AliBaig/Tokenizer_unix/log/retarget.log
Source: C:/Users/cp555323/Desktop/AliBaig/Tokenizer_unix/src/src_for_tokenization
Target: /c/Users/cp555323/Desktop/AliBaig/Tokenizer_unix/src/src_for_tokenization_20160809145045
-----------------------------

Copying C:/Users/cp555323/Desktop/AliBaig/Tokenizer_unix/src/src_for_tokenization to /c/Users/cp555323/Desktop/AliBaig/Tokenizer_unix/src/src_for_tokenization_20160809145045
Please wait...
Copying done.

Filtering files from target directory /c/Users/cp555323/Desktop/AliBaig/Tokenizer_unix/src/src_for_tokenization_20160809145045

-----------------------------Execution started at 20160809145154

Root directory: /c/Users/cp555323/Desktop/AliBaig/Tokenizer_unix
Log direcotry: /c/Users/cp555323/Desktop/AliBaig/Tokenizer_unix/log
Log file: /c/Users/cp555323/Desktop/AliBaig/Tokenizer_unix/log/retarget.log
Source: C:/Users/cp555323/Desktop/AliBaig/Tokenizer_unix/src/src_for_tokenization
Target: /c/Users/cp555323/Desktop/AliBaig/Tokenizer_unix/src/src_for_tokenization_20160809145154
-----------------------------

Copying C:/Users/cp555323/Desktop/AliBaig/Tokenizer_unix/src/src_for_tokenization to /c/Users/cp555323/Desktop/AliBaig/Tokenizer_unix/src/src_for_tokenization_20160809145154
Please wait...
Copying done.

Filtering files from target directory /c/Users/cp555323/Desktop/AliBaig/Tokenizer_unix/src/src_for_tokenization_20160809145154

-----------------------------Execution started at 20160809145322

Root directory: /c/Users/cp555323/Desktop/AliBaig/Tokenizer_unix
Log direcotry: /c/Users/cp555323/Desktop/AliBaig/Tokenizer_unix/log
Log file: /c/Users/cp555323/Desktop/AliBaig/Tokenizer_unix/log/retarget.log
Source: C:/Users/cp555323/Desktop/AliBaig/Tokenizer_unix/src/src_for_tokenization
Target: /c/Users/cp555323/Desktop/AliBaig/Tokenizer_unix/src/src_for_tokenization_20160809145322
-----------------------------

Copying C:/Users/cp555323/Desktop/AliBaig/Tokenizer_unix/src/src_for_tokenization to /c/Users/cp555323/Desktop/AliBaig/Tokenizer_unix/src/src_for_tokenization_20160809145322
Please wait...
Copying done.

Filtering files from target directory /c/Users/cp555323/Desktop/AliBaig/Tokenizer_unix/src/src_for_tokenization_20160809145322

-----------------------------Execution started at 20160809145559

Root directory: /c/Users/cp555323/Desktop/AliBaig/Tokenizer_unix
Log direcotry: /c/Users/cp555323/Desktop/AliBaig/Tokenizer_unix/log
Log file: /c/Users/cp555323/Desktop/AliBaig/Tokenizer_unix/log/retarget.log
Source: C:/Users/cp555323/Desktop/AliBaig/Tokenizer_unix/src/src_for_tokenization
Target: /c/Users/cp555323/Desktop/AliBaig/Tokenizer_unix/src/src_for_tokenization_20160809145559
-----------------------------

Copying C:/Users/cp555323/Desktop/AliBaig/Tokenizer_unix/src/src_for_tokenization to /c/Users/cp555323/Desktop/AliBaig/Tokenizer_unix/src/src_for_tokenization_20160809145559
Please wait...
Copying done.

Filtering files from target directory /c/Users/cp555323/Desktop/AliBaig/Tokenizer_unix/src/src_for_tokenization_20160809145559

-----------------------------Execution started at 20160809145736

Root directory: /c/Users/cp555323/Desktop/AliBaig/Tokenizer_unix
Log direcotry: /c/Users/cp555323/Desktop/AliBaig/Tokenizer_unix/log
Log file: /c/Users/cp555323/Desktop/AliBaig/Tokenizer_unix/log/retarget.log
Source: C:/Users/cp555323/Desktop/AliBaig/Tokenizer_unix/src/src_for_tokenization
Target: /c/Users/cp555323/Desktop/AliBaig/Tokenizer_unix/src/src_for_tokenization_20160809145736
-----------------------------

Copying C:/Users/cp555323/Desktop/AliBaig/Tokenizer_unix/src/src_for_tokenization to /c/Users/cp555323/Desktop/AliBaig/Tokenizer_unix/src/src_for_tokenization_20160809145736
Please wait...
Copying done.

Filtering files from target directory /c/Users/cp555323/Desktop/AliBaig/Tokenizer_unix/src/src_for_tokenization_20160809145736
Tokenizing the scripts using configuration file: /c/Users/cp555323/Desktop/AliBaig/Tokenizer_unix/etc/config.ini

-----------------------------Execution started at 20160809145833

Root directory: /c/Users/cp555323/Desktop/AliBaig/Tokenizer_unix
Log direcotry: /c/Users/cp555323/Desktop/AliBaig/Tokenizer_unix/log
Log file: /c/Users/cp555323/Desktop/AliBaig/Tokenizer_unix/log/retarget.log
Source: C:/Users/cp555323/Desktop/AliBaig/Tokenizer_unix/src/src_for_tokenization
Target: /c/Users/cp555323/Desktop/AliBaig/Tokenizer_unix/src/src_for_tokenization_20160809145833
-----------------------------

Copying C:/Users/cp555323/Desktop/AliBaig/Tokenizer_unix/src/src_for_tokenization to /c/Users/cp555323/Desktop/AliBaig/Tokenizer_unix/src/src_for_tokenization_20160809145833
Please wait...
Copying done.

Filtering files from target directory /c/Users/cp555323/Desktop/AliBaig/Tokenizer_unix/src/src_for_tokenization_20160809145833
Tokenizing the scripts using configuration file: /c/Users/cp555323/Desktop/AliBaig/Tokenizer_unix/etc/config.ini

-----------------------------Execution started at 20160809150042

Root directory: /c/Users/cp555323/Desktop/AliBaig/Tokenizer_unix
Log direcotry: /c/Users/cp555323/Desktop/AliBaig/Tokenizer_unix/log
Log file: /c/Users/cp555323/Desktop/AliBaig/Tokenizer_unix/log/retarget.log
Source: C:/Users/cp555323/Desktop/AliBaig/Tokenizer_unix/src/src_for_tokenization
Target: /c/Users/cp555323/Desktop/AliBaig/Tokenizer_unix/src/src_for_tokenization_20160809150042
-----------------------------

Copying C:/Users/cp555323/Desktop/AliBaig/Tokenizer_unix/src/src_for_tokenization to /c/Users/cp555323/Desktop/AliBaig/Tokenizer_unix/src/src_for_tokenization_20160809150042
Please wait...
Copying done.

Filtering files from target directory /c/Users/cp555323/Desktop/AliBaig/Tokenizer_unix/src/src_for_tokenization_20160809150042
Tokenizing the scripts using configuration file: /c/Users/cp555323/Desktop/AliBaig/Tokenizer_unix/etc/config.ini
Start: Replacing tokens in /c/Users/cp555323/Desktop/AliBaig/Tokenizer_unix/src/src_for_tokenization_20160809150042 at 15:00:44
Please wait...
Modified following files
/c/Users/cp555323/Desktop/AliBaig/Tokenizer_unix/src/src_for_tokenization_20160809150042/scripts/Daily/Bolt_add_churn_load/bolton_add_churn_daily_load.sql
/c/Users/cp555323/Desktop/AliBaig/Tokenizer_unix/src/src_for_tokenization_20160809150042/scripts/Daily/Bolt_add_churn_load/bolton_add_churn_daily_load_bf_20120503.sql
/c/Users/cp555323/Desktop/AliBaig/Tokenizer_unix/src/src_for_tokenization_20160809150042/scripts/Daily/Bolt_add_churn_load/bolton_add_churn_daily_load_edw.sql
/c/Users/cp555323/Desktop/AliBaig/Tokenizer_unix/src/src_for_tokenization_20160809150042/scripts/Daily/Bolt_add_churn_load/bolton_set_adac_bcc_migration_indicator.sql
/c/Users/cp555323/Desktop/AliBaig/Tokenizer_unix/src/src_for_tokenization_20160809150042/scripts/monthly/Bolton_base/bolton_base.sql
/c/Users/cp555323/Desktop/AliBaig/Tokenizer_unix/src/src_for_tokenization_20160809150042/scripts/monthly/Bolton_base/bolton_base_edw.sql
/c/Users/cp555323/Desktop/AliBaig/Tokenizer_unix/src/src_for_tokenization_20160809150042/scripts/monthly/Bolton_base/bolton_set_bcc_migration_indicator.sql
/c/Users/cp555323/Desktop/AliBaig/Tokenizer_unix/src/src_for_tokenization_20160809150042/scripts/monthly/ETL_F_ALL_M_COMMISSIONS_FY1314_BILLED_REVENUE/BTEQ/ETL_F_ALL_M_COMMISSIONS_FY1314_BILLED_REVENUE.SQL

Finished: Replacing tokens in /c/Users/cp555323/Desktop/AliBaig/Tokenizer_unix/src/src_for_tokenization_20160809150042 at 15:00:47

-----------------------------Execution started at 20160809150414

Root directory: /c/Users/cp555323/Desktop/AliBaig/Tokenizer_unix
Log direcotry: /c/Users/cp555323/Desktop/AliBaig/Tokenizer_unix/log
Log file: /c/Users/cp555323/Desktop/AliBaig/Tokenizer_unix/log/retarget.log
Source: C:/Users/cp555323/Desktop/AliBaig/Tokenizer_unix/src/src_for_tokenization_20160809150042
Target: /c/Users/cp555323/Desktop/AliBaig/Tokenizer_unix/src/src_for_tokenization_20160809150042_20160809150414
-----------------------------

Copying C:/Users/cp555323/Desktop/AliBaig/Tokenizer_unix/src/src_for_tokenization_20160809150042 to /c/Users/cp555323/Desktop/AliBaig/Tokenizer_unix/src/src_for_tokenization_20160809150042_20160809150414
Please wait...
Copying done.

Filtering files from target directory /c/Users/cp555323/Desktop/AliBaig/Tokenizer_unix/src/src_for_tokenization_20160809150042_20160809150414
Tokenizing the scripts using configuration file: /c/Users/cp555323/Desktop/AliBaig/Tokenizer_unix/etc/config.ini
Start: Replacing tokens in /c/Users/cp555323/Desktop/AliBaig/Tokenizer_unix/src/src_for_tokenization_20160809150042_20160809150414 at 15:04:15
Please wait...
Modified following files
/c/Users/cp555323/Desktop/AliBaig/Tokenizer_unix/src/src_for_tokenization_20160809150042_20160809150414/scripts/Daily/Bolt_add_churn_load/bolton_add_churn_daily_load.sql
/c/Users/cp555323/Desktop/AliBaig/Tokenizer_unix/src/src_for_tokenization_20160809150042_20160809150414/scripts/Daily/Bolt_add_churn_load/bolton_add_churn_daily_load_bf_20120503.sql
/c/Users/cp555323/Desktop/AliBaig/Tokenizer_unix/src/src_for_tokenization_20160809150042_20160809150414/scripts/Daily/Bolt_add_churn_load/bolton_add_churn_daily_load_edw.sql
/c/Users/cp555323/Desktop/AliBaig/Tokenizer_unix/src/src_for_tokenization_20160809150042_20160809150414/scripts/Daily/Bolt_add_churn_load/bolton_set_adac_bcc_migration_indicator.sql
/c/Users/cp555323/Desktop/AliBaig/Tokenizer_unix/src/src_for_tokenization_20160809150042_20160809150414/scripts/monthly/Bolton_base/bolton_base.sql
/c/Users/cp555323/Desktop/AliBaig/Tokenizer_unix/src/src_for_tokenization_20160809150042_20160809150414/scripts/monthly/Bolton_base/bolton_base_edw.sql
/c/Users/cp555323/Desktop/AliBaig/Tokenizer_unix/src/src_for_tokenization_20160809150042_20160809150414/scripts/monthly/Bolton_base/bolton_set_bcc_migration_indicator.sql
/c/Users/cp555323/Desktop/AliBaig/Tokenizer_unix/src/src_for_tokenization_20160809150042_20160809150414/scripts/monthly/ETL_F_ALL_M_COMMISSIONS_FY1314_BILLED_REVENUE/BTEQ/ETL_F_ALL_M_COMMISSIONS_FY1314_BILLED_REVENUE.SQL

Finished: Replacing tokens in /c/Users/cp555323/Desktop/AliBaig/Tokenizer_unix/src/src_for_tokenization_20160809150042_20160809150414 at 15:04:16

-----------------------------Execution started at 20160809150530

Root directory: /c/Users/cp555323/Desktop/AliBaig/Tokenizer_unix
Log direcotry: /c/Users/cp555323/Desktop/AliBaig/Tokenizer_unix/log
Log file: /c/Users/cp555323/Desktop/AliBaig/Tokenizer_unix/log/retarget.log
Source: C:/Users/cp555323/Desktop/AliBaig/Tokenizer_unix/src/src_for_tokenization_20160809150042
Target: /c/Users/cp555323/Desktop/AliBaig/Tokenizer_unix/src/src_for_tokenization_20160809150042_20160809150530
-----------------------------

Copying C:/Users/cp555323/Desktop/AliBaig/Tokenizer_unix/src/src_for_tokenization_20160809150042 to /c/Users/cp555323/Desktop/AliBaig/Tokenizer_unix/src/src_for_tokenization_20160809150042_20160809150530
Please wait...
Copying done.

Filtering files from target directory /c/Users/cp555323/Desktop/AliBaig/Tokenizer_unix/src/src_for_tokenization_20160809150042_20160809150530
Tokenizing the scripts using configuration file: /c/Users/cp555323/Desktop/AliBaig/Tokenizer_unix/etc/config.ini
Start: Replacing tokens in /c/Users/cp555323/Desktop/AliBaig/Tokenizer_unix/src/src_for_tokenization_20160809150042_20160809150530 at 15:05:31
Please wait...
Modified following files
/c/Users/cp555323/Desktop/AliBaig/Tokenizer_unix/src/src_for_tokenization_20160809150042_20160809150530/scripts/Daily/Bolt_add_churn_load/bolton_add_churn_daily_load.sql
/c/Users/cp555323/Desktop/AliBaig/Tokenizer_unix/src/src_for_tokenization_20160809150042_20160809150530/scripts/Daily/Bolt_add_churn_load/bolton_add_churn_daily_load_bf_20120503.sql
/c/Users/cp555323/Desktop/AliBaig/Tokenizer_unix/src/src_for_tokenization_20160809150042_20160809150530/scripts/Daily/Bolt_add_churn_load/bolton_add_churn_daily_load_edw.sql
/c/Users/cp555323/Desktop/AliBaig/Tokenizer_unix/src/src_for_tokenization_20160809150042_20160809150530/scripts/Daily/Bolt_add_churn_load/bolton_set_adac_bcc_migration_indicator.sql
/c/Users/cp555323/Desktop/AliBaig/Tokenizer_unix/src/src_for_tokenization_20160809150042_20160809150530/scripts/monthly/Bolton_base/bolton_base.sql
/c/Users/cp555323/Desktop/AliBaig/Tokenizer_unix/src/src_for_tokenization_20160809150042_20160809150530/scripts/monthly/Bolton_base/bolton_base_edw.sql
/c/Users/cp555323/Desktop/AliBaig/Tokenizer_unix/src/src_for_tokenization_20160809150042_20160809150530/scripts/monthly/Bolton_base/bolton_set_bcc_migration_indicator.sql
/c/Users/cp555323/Desktop/AliBaig/Tokenizer_unix/src/src_for_tokenization_20160809150042_20160809150530/scripts/monthly/ETL_F_ALL_M_COMMISSIONS_FY1314_BILLED_REVENUE/BTEQ/ETL_F_ALL_M_COMMISSIONS_FY1314_BILLED_REVENUE.SQL

Finished: Replacing tokens in /c/Users/cp555323/Desktop/AliBaig/Tokenizer_unix/src/src_for_tokenization_20160809150042_20160809150530 at 15:05:31

-----------------------------Execution started at 20160809151543

Root directory: /c/Users/cp555323/Desktop/AliBaig/Tokenizer_unix
Log direcotry: /c/Users/cp555323/Desktop/AliBaig/Tokenizer_unix/log
Log file: /c/Users/cp555323/Desktop/AliBaig/Tokenizer_unix/log/retarget.log
Source: C:/Users/cp555323/Desktop/AliBaig/Tokenizer_unix/src/src_for_tokenization_20160809150042
Target: /c/Users/cp555323/Desktop/AliBaig/Tokenizer_unix/src/src_for_tokenization_20160809150042_20160809151543
-----------------------------

Copying C:/Users/cp555323/Desktop/AliBaig/Tokenizer_unix/src/src_for_tokenization_20160809150042 to /c/Users/cp555323/Desktop/AliBaig/Tokenizer_unix/src/src_for_tokenization_20160809150042_20160809151543
Please wait...
Copying done.

Filtering files from target directory /c/Users/cp555323/Desktop/AliBaig/Tokenizer_unix/src/src_for_tokenization_20160809150042_20160809151543
Tokenizing the scripts using configuration file: /c/Users/cp555323/Desktop/AliBaig/Tokenizer_unix/etc/config.ini
Start: Replacing tokens in /c/Users/cp555323/Desktop/AliBaig/Tokenizer_unix/src/src_for_tokenization_20160809150042_20160809151543 at 15:15:44
Please wait...
Modified following files
/c/Users/cp555323/Desktop/AliBaig/Tokenizer_unix/src/src_for_tokenization_20160809150042_20160809151543/scripts/Daily/Bolt_add_churn_load/bolton_add_churn_daily_load.sql
/c/Users/cp555323/Desktop/AliBaig/Tokenizer_unix/src/src_for_tokenization_20160809150042_20160809151543/scripts/Daily/Bolt_add_churn_load/bolton_add_churn_daily_load_bf_20120503.sql
/c/Users/cp555323/Desktop/AliBaig/Tokenizer_unix/src/src_for_tokenization_20160809150042_20160809151543/scripts/Daily/Bolt_add_churn_load/bolton_add_churn_daily_load_edw.sql
/c/Users/cp555323/Desktop/AliBaig/Tokenizer_unix/src/src_for_tokenization_20160809150042_20160809151543/scripts/Daily/Bolt_add_churn_load/bolton_set_adac_bcc_migration_indicator.sql
/c/Users/cp555323/Desktop/AliBaig/Tokenizer_unix/src/src_for_tokenization_20160809150042_20160809151543/scripts/monthly/Bolton_base/bolton_base.sql
/c/Users/cp555323/Desktop/AliBaig/Tokenizer_unix/src/src_for_tokenization_20160809150042_20160809151543/scripts/monthly/Bolton_base/bolton_base_edw.sql
/c/Users/cp555323/Desktop/AliBaig/Tokenizer_unix/src/src_for_tokenization_20160809150042_20160809151543/scripts/monthly/Bolton_base/bolton_set_bcc_migration_indicator.sql
/c/Users/cp555323/Desktop/AliBaig/Tokenizer_unix/src/src_for_tokenization_20160809150042_20160809151543/scripts/monthly/ETL_F_ALL_M_COMMISSIONS_FY1314_BILLED_REVENUE/BTEQ/ETL_F_ALL_M_COMMISSIONS_FY1314_BILLED_REVENUE.SQL

Finished: Replacing tokens in /c/Users/cp555323/Desktop/AliBaig/Tokenizer_unix/src/src_for_tokenization_20160809150042_20160809151543 at 15:15:45

-----------------------------Execution started at 20160809152056

Root directory: /c/Users/cp555323/Desktop/AliBaig/Tokenizer_unix
Log direcotry: /c/Users/cp555323/Desktop/AliBaig/Tokenizer_unix/log
Log file: /c/Users/cp555323/Desktop/AliBaig/Tokenizer_unix/log/retarget.log
Source: C:\Users\cp555323\Desktop\AliBaig\Tokenizer_unix\src\src_for_tokenization_20160809150042
Target: /c/Users/cp555323/Desktop/AliBaig/Tokenizer_unix/src/C:\Users\cp555323\Desktop\AliBaig\Tokenizer_unix\src\src_for_tokenization_20160809150042_20160809152056
-----------------------------

Copying C:\Users\cp555323\Desktop\AliBaig\Tokenizer_unix\src\src_for_tokenization_20160809150042 to /c/Users/cp555323/Desktop/AliBaig/Tokenizer_unix/src/C:\Users\cp555323\Desktop\AliBaig\Tokenizer_unix\src\src_for_tokenization_20160809150042_20160809152056
Please wait...

-----------------------------Execution started at 20160809152244

Root directory: /c/Users/cp555323/Desktop/AliBaig/Tokenizer_unix
Log direcotry: /c/Users/cp555323/Desktop/AliBaig/Tokenizer_unix/log
Log file: /c/Users/cp555323/Desktop/AliBaig/Tokenizer_unix/log/retarget.log
Source: C:/Users/cp555323/Desktop/AliBaig/Tokenizer_unix/src/src_for_tokenization
Target: /c/Users/cp555323/Desktop/AliBaig/Tokenizer_unix/src/src_for_tokenization_20160809152244
-----------------------------

Copying C:/Users/cp555323/Desktop/AliBaig/Tokenizer_unix/src/src_for_tokenization to /c/Users/cp555323/Desktop/AliBaig/Tokenizer_unix/src/src_for_tokenization_20160809152244
Please wait...
Copying done.

Filtering files from target directory /c/Users/cp555323/Desktop/AliBaig/Tokenizer_unix/src/src_for_tokenization_20160809152244
Tokenizing the scripts using configuration file: /c/Users/cp555323/Desktop/AliBaig/Tokenizer_unix/etc/config.ini
Start: Replacing tokens in /c/Users/cp555323/Desktop/AliBaig/Tokenizer_unix/src/src_for_tokenization_20160809152244 at 15:22:45
Please wait...
Modified following files
/c/Users/cp555323/Desktop/AliBaig/Tokenizer_unix/src/src_for_tokenization_20160809152244/scripts/Daily/Bolt_add_churn_load/bolton_add_churn_daily_load.sql
/c/Users/cp555323/Desktop/AliBaig/Tokenizer_unix/src/src_for_tokenization_20160809152244/scripts/Daily/Bolt_add_churn_load/bolton_add_churn_daily_load_bf_20120503.sql
/c/Users/cp555323/Desktop/AliBaig/Tokenizer_unix/src/src_for_tokenization_20160809152244/scripts/Daily/Bolt_add_churn_load/bolton_add_churn_daily_load_edw.sql
/c/Users/cp555323/Desktop/AliBaig/Tokenizer_unix/src/src_for_tokenization_20160809152244/scripts/Daily/Bolt_add_churn_load/bolton_set_adac_bcc_migration_indicator.sql
/c/Users/cp555323/Desktop/AliBaig/Tokenizer_unix/src/src_for_tokenization_20160809152244/scripts/monthly/Bolton_base/bolton_base.sql
/c/Users/cp555323/Desktop/AliBaig/Tokenizer_unix/src/src_for_tokenization_20160809152244/scripts/monthly/Bolton_base/bolton_base_edw.sql
/c/Users/cp555323/Desktop/AliBaig/Tokenizer_unix/src/src_for_tokenization_20160809152244/scripts/monthly/Bolton_base/bolton_set_bcc_migration_indicator.sql
/c/Users/cp555323/Desktop/AliBaig/Tokenizer_unix/src/src_for_tokenization_20160809152244/scripts/monthly/ETL_F_ALL_M_COMMISSIONS_FY1314_BILLED_REVENUE/BTEQ/ETL_F_ALL_M_COMMISSIONS_FY1314_BILLED_REVENUE.SQL

Finished: Replacing tokens in /c/Users/cp555323/Desktop/AliBaig/Tokenizer_unix/src/src_for_tokenization_20160809152244 at 15:22:48

-----------------------------Execution started at 20160809152519

Root directory: /c/Users/cp555323/Desktop/AliBaig/Tokenizer_unix
Log direcotry: /c/Users/cp555323/Desktop/AliBaig/Tokenizer_unix/log
Log file: /c/Users/cp555323/Desktop/AliBaig/Tokenizer_unix/log/retarget.log
Source: C:/Users/cp555323/Desktop/AliBaig/Tokenizer_unix/src/retarget_to_p
Target: /c/Users/cp555323/Desktop/AliBaig/Tokenizer_unix/src/retarget_to_p_20160809152519
-----------------------------

Copying C:/Users/cp555323/Desktop/AliBaig/Tokenizer_unix/src/retarget_to_p to /c/Users/cp555323/Desktop/AliBaig/Tokenizer_unix/src/retarget_to_p_20160809152519
Please wait...
Copying done.

Filtering files from target directory /c/Users/cp555323/Desktop/AliBaig/Tokenizer_unix/src/retarget_to_p_20160809152519
Tokenizing the scripts using configuration file: /c/Users/cp555323/Desktop/AliBaig/Tokenizer_unix/etc/config.ini
Start: Replacing tokens in /c/Users/cp555323/Desktop/AliBaig/Tokenizer_unix/src/retarget_to_p_20160809152519 at 15:25:20
Please wait...
Modified following files
/c/Users/cp555323/Desktop/AliBaig/Tokenizer_unix/src/retarget_to_p_20160809152519/scripts/Daily/Bolt_add_churn_load/bolton_add_churn_daily_load.sql
/c/Users/cp555323/Desktop/AliBaig/Tokenizer_unix/src/retarget_to_p_20160809152519/scripts/Daily/Bolt_add_churn_load/bolton_add_churn_daily_load_bf_20120503.sql
/c/Users/cp555323/Desktop/AliBaig/Tokenizer_unix/src/retarget_to_p_20160809152519/scripts/Daily/Bolt_add_churn_load/bolton_add_churn_daily_load_edw.sql
/c/Users/cp555323/Desktop/AliBaig/Tokenizer_unix/src/retarget_to_p_20160809152519/scripts/Daily/Bolt_add_churn_load/bolton_set_adac_bcc_migration_indicator.sql
/c/Users/cp555323/Desktop/AliBaig/Tokenizer_unix/src/retarget_to_p_20160809152519/scripts/monthly/Bolton_base/bolton_base.sql
/c/Users/cp555323/Desktop/AliBaig/Tokenizer_unix/src/retarget_to_p_20160809152519/scripts/monthly/Bolton_base/bolton_base_edw.sql
/c/Users/cp555323/Desktop/AliBaig/Tokenizer_unix/src/retarget_to_p_20160809152519/scripts/monthly/Bolton_base/bolton_set_bcc_migration_indicator.sql
/c/Users/cp555323/Desktop/AliBaig/Tokenizer_unix/src/retarget_to_p_20160809152519/scripts/monthly/ETL_F_ALL_M_COMMISSIONS_FY1314_BILLED_REVENUE/BTEQ/ETL_F_ALL_M_COMMISSIONS_FY1314_BILLED_REVENUE.SQL

Finished: Replacing tokens in /c/Users/cp555323/Desktop/AliBaig/Tokenizer_unix/src/retarget_to_p_20160809152519 at 15:25:21

-----------------------------Execution started at 20160809153644

Root directory: /c/Users/cp555323/Desktop/AliBaig/Tokenizer_unix
Log direcotry: /c/Users/cp555323/Desktop/AliBaig/Tokenizer_unix/log
Log file: /c/Users/cp555323/Desktop/AliBaig/Tokenizer_unix/log/retarget.log
Source: C:/Users/cp555323/Desktop/AliBaig/Tokenizer_unix/src/retarget_to_p
Target: /c/Users/cp555323/Desktop/AliBaig/Tokenizer_unix/src/retarget_to_p_20160809153644
-----------------------------

Copying C:/Users/cp555323/Desktop/AliBaig/Tokenizer_unix/src/retarget_to_p to /c/Users/cp555323/Desktop/AliBaig/Tokenizer_unix/src/retarget_to_p_20160809153644
Please wait...
Copying done.

Filtering files from target directory /c/Users/cp555323/Desktop/AliBaig/Tokenizer_unix/src/retarget_to_p_20160809153644
Tokenizing the scripts using configuration file: /c/Users/cp555323/Desktop/AliBaig/Tokenizer_unix/etc/config.ini
Start: Replacing tokens in /c/Users/cp555323/Desktop/AliBaig/Tokenizer_unix/src/retarget_to_p_20160809153644 at 15:36:45
Please wait...
Modified following files
/c/Users/cp555323/Desktop/AliBaig/Tokenizer_unix/src/retarget_to_p_20160809153644/scripts/Daily/Bolt_add_churn_load/bolton_add_churn_daily_load.sql
/c/Users/cp555323/Desktop/AliBaig/Tokenizer_unix/src/retarget_to_p_20160809153644/scripts/Daily/Bolt_add_churn_load/bolton_add_churn_daily_load_bf_20120503.sql
/c/Users/cp555323/Desktop/AliBaig/Tokenizer_unix/src/retarget_to_p_20160809153644/scripts/Daily/Bolt_add_churn_load/bolton_add_churn_daily_load_edw.sql
/c/Users/cp555323/Desktop/AliBaig/Tokenizer_unix/src/retarget_to_p_20160809153644/scripts/Daily/Bolt_add_churn_load/bolton_set_adac_bcc_migration_indicator.sql
/c/Users/cp555323/Desktop/AliBaig/Tokenizer_unix/src/retarget_to_p_20160809153644/scripts/monthly/Bolton_base/bolton_base.sql
/c/Users/cp555323/Desktop/AliBaig/Tokenizer_unix/src/retarget_to_p_20160809153644/scripts/monthly/Bolton_base/bolton_base_edw.sql
/c/Users/cp555323/Desktop/AliBaig/Tokenizer_unix/src/retarget_to_p_20160809153644/scripts/monthly/Bolton_base/bolton_set_bcc_migration_indicator.sql
/c/Users/cp555323/Desktop/AliBaig/Tokenizer_unix/src/retarget_to_p_20160809153644/scripts/monthly/ETL_F_ALL_M_COMMISSIONS_FY1314_BILLED_REVENUE/BTEQ/ETL_F_ALL_M_COMMISSIONS_FY1314_BILLED_REVENUE.SQL

Finished: Replacing tokens in /c/Users/cp555323/Desktop/AliBaig/Tokenizer_unix/src/retarget_to_p_20160809153644 at 15:36:46

-----------------------------Execution started at 20160809154110

Root directory: /c/Users/cp555323/Desktop/AliBaig/Tokenizer_unix
Log direcotry: /c/Users/cp555323/Desktop/AliBaig/Tokenizer_unix/log
Log file: /c/Users/cp555323/Desktop/AliBaig/Tokenizer_unix/log/retarget.log
Source: C:/Users/cp555323/Desktop/AliBaig/Tokenizer_unix/src/retarget_to_p
Target: /c/Users/cp555323/Desktop/AliBaig/Tokenizer_unix/src/retarget_to_p_20160809154110
-----------------------------

Copying C:/Users/cp555323/Desktop/AliBaig/Tokenizer_unix/src/retarget_to_p to /c/Users/cp555323/Desktop/AliBaig/Tokenizer_unix/src/retarget_to_p_20160809154110
Please wait...
Copying done.

Filtering files from target directory /c/Users/cp555323/Desktop/AliBaig/Tokenizer_unix/src/retarget_to_p_20160809154110
Tokenizing the scripts using configuration file: /c/Users/cp555323/Desktop/AliBaig/Tokenizer_unix/etc/config.ini
Start: Replacing tokens in /c/Users/cp555323/Desktop/AliBaig/Tokenizer_unix/src/retarget_to_p_20160809154110 at 15:41:11
Please wait...
Modified following files
/c/Users/cp555323/Desktop/AliBaig/Tokenizer_unix/src/retarget_to_p_20160809154110/scripts/Daily/Bolt_add_churn_load/bolton_add_churn_daily_load.sql
/c/Users/cp555323/Desktop/AliBaig/Tokenizer_unix/src/retarget_to_p_20160809154110/scripts/Daily/Bolt_add_churn_load/bolton_add_churn_daily_load_bf_20120503.sql
/c/Users/cp555323/Desktop/AliBaig/Tokenizer_unix/src/retarget_to_p_20160809154110/scripts/Daily/Bolt_add_churn_load/bolton_add_churn_daily_load_edw.sql
/c/Users/cp555323/Desktop/AliBaig/Tokenizer_unix/src/retarget_to_p_20160809154110/scripts/Daily/Bolt_add_churn_load/bolton_set_adac_bcc_migration_indicator.sql
/c/Users/cp555323/Desktop/AliBaig/Tokenizer_unix/src/retarget_to_p_20160809154110/scripts/monthly/Bolton_base/bolton_base.sql
/c/Users/cp555323/Desktop/AliBaig/Tokenizer_unix/src/retarget_to_p_20160809154110/scripts/monthly/Bolton_base/bolton_base_edw.sql
/c/Users/cp555323/Desktop/AliBaig/Tokenizer_unix/src/retarget_to_p_20160809154110/scripts/monthly/Bolton_base/bolton_set_bcc_migration_indicator.sql
/c/Users/cp555323/Desktop/AliBaig/Tokenizer_unix/src/retarget_to_p_20160809154110/scripts/monthly/ETL_F_ALL_M_COMMISSIONS_FY1314_BILLED_REVENUE/BTEQ/ETL_F_ALL_M_COMMISSIONS_FY1314_BILLED_REVENUE.SQL

Finished: Replacing tokens in /c/Users/cp555323/Desktop/AliBaig/Tokenizer_unix/src/retarget_to_p_20160809154110 at 15:41:12

-----------------------------Execution started at 20160809154231

Root directory: /c/Users/cp555323/Desktop/AliBaig/Tokenizer_unix
Log direcotry: /c/Users/cp555323/Desktop/AliBaig/Tokenizer_unix/log
Log file: /c/Users/cp555323/Desktop/AliBaig/Tokenizer_unix/log/retarget.log
Source: C:/Users/cp555323/Desktop/AliBaig/Tokenizer_unix/src/retarget_to_p
Target: /c/Users/cp555323/Desktop/AliBaig/Tokenizer_unix/src/retarget_to_p_20160809154231
-----------------------------

Copying C:/Users/cp555323/Desktop/AliBaig/Tokenizer_unix/src/retarget_to_p to /c/Users/cp555323/Desktop/AliBaig/Tokenizer_unix/src/retarget_to_p_20160809154231
Please wait...
Copying done.

Filtering files from target directory /c/Users/cp555323/Desktop/AliBaig/Tokenizer_unix/src/retarget_to_p_20160809154231
Tokenizing the scripts using configuration file: /c/Users/cp555323/Desktop/AliBaig/Tokenizer_unix/etc/config.ini
Start: Replacing tokens in /c/Users/cp555323/Desktop/AliBaig/Tokenizer_unix/src/retarget_to_p_20160809154231 at 15:42:32
Please wait...
Modified following files
/c/Users/cp555323/Desktop/AliBaig/Tokenizer_unix/src/retarget_to_p_20160809154231/scripts/Daily/Bolt_add_churn_load/bolton_add_churn_daily_load.sql
/c/Users/cp555323/Desktop/AliBaig/Tokenizer_unix/src/retarget_to_p_20160809154231/scripts/Daily/Bolt_add_churn_load/bolton_add_churn_daily_load_bf_20120503.sql
/c/Users/cp555323/Desktop/AliBaig/Tokenizer_unix/src/retarget_to_p_20160809154231/scripts/Daily/Bolt_add_churn_load/bolton_add_churn_daily_load_edw.sql
/c/Users/cp555323/Desktop/AliBaig/Tokenizer_unix/src/retarget_to_p_20160809154231/scripts/Daily/Bolt_add_churn_load/bolton_set_adac_bcc_migration_indicator.sql
/c/Users/cp555323/Desktop/AliBaig/Tokenizer_unix/src/retarget_to_p_20160809154231/scripts/monthly/Bolton_base/bolton_base.sql
/c/Users/cp555323/Desktop/AliBaig/Tokenizer_unix/src/retarget_to_p_20160809154231/scripts/monthly/Bolton_base/bolton_base_edw.sql
/c/Users/cp555323/Desktop/AliBaig/Tokenizer_unix/src/retarget_to_p_20160809154231/scripts/monthly/Bolton_base/bolton_set_bcc_migration_indicator.sql
/c/Users/cp555323/Desktop/AliBaig/Tokenizer_unix/src/retarget_to_p_20160809154231/scripts/monthly/ETL_F_ALL_M_COMMISSIONS_FY1314_BILLED_REVENUE/BTEQ/ETL_F_ALL_M_COMMISSIONS_FY1314_BILLED_REVENUE.SQL

Finished: Replacing tokens in /c/Users/cp555323/Desktop/AliBaig/Tokenizer_unix/src/retarget_to_p_20160809154231 at 15:42:35

-----------------------------Execution started at 20160809160618

Root directory: /c/Users/cp555323/Desktop/AliBaig/Tokenizer_unix
Log direcotry: /c/Users/cp555323/Desktop/AliBaig/Tokenizer_unix/log
Log file: /c/Users/cp555323/Desktop/AliBaig/Tokenizer_unix/log/retarget.log
Source: C:/Users/cp555323/Desktop/AliBaig/Tokenizer_unix/src/retarget_to_p
Target: /c/Users/cp555323/Desktop/AliBaig/Tokenizer_unix/src/retarget_to_p_20160809160618
-----------------------------

Copying C:/Users/cp555323/Desktop/AliBaig/Tokenizer_unix/src/retarget_to_p to /c/Users/cp555323/Desktop/AliBaig/Tokenizer_unix/src/retarget_to_p_20160809160618
Please wait...
Copying done.

Filtering files from target directory /c/Users/cp555323/Desktop/AliBaig/Tokenizer_unix/src/retarget_to_p_20160809160618
Tokenizing the scripts using configuration file: /c/Users/cp555323/Desktop/AliBaig/Tokenizer_unix/etc/config.ini
Start: Replacing tokens in /c/Users/cp555323/Desktop/AliBaig/Tokenizer_unix/src/retarget_to_p_20160809160618 at 16:06:20
Please wait...
Modified following files
/c/Users/cp555323/Desktop/AliBaig/Tokenizer_unix/src/retarget_to_p_20160809160618/scripts/Daily/Bolt_add_churn_load/bolton_add_churn_daily_load.sql
/c/Users/cp555323/Desktop/AliBaig/Tokenizer_unix/src/retarget_to_p_20160809160618/scripts/Daily/Bolt_add_churn_load/bolton_add_churn_daily_load_bf_20120503.sql
/c/Users/cp555323/Desktop/AliBaig/Tokenizer_unix/src/retarget_to_p_20160809160618/scripts/Daily/Bolt_add_churn_load/bolton_add_churn_daily_load_edw.sql
/c/Users/cp555323/Desktop/AliBaig/Tokenizer_unix/src/retarget_to_p_20160809160618/scripts/Daily/Bolt_add_churn_load/bolton_set_adac_bcc_migration_indicator.sql
/c/Users/cp555323/Desktop/AliBaig/Tokenizer_unix/src/retarget_to_p_20160809160618/scripts/monthly/Bolton_base/bolton_base.sql
/c/Users/cp555323/Desktop/AliBaig/Tokenizer_unix/src/retarget_to_p_20160809160618/scripts/monthly/Bolton_base/bolton_base_edw.sql
/c/Users/cp555323/Desktop/AliBaig/Tokenizer_unix/src/retarget_to_p_20160809160618/scripts/monthly/Bolton_base/bolton_set_bcc_migration_indicator.sql
/c/Users/cp555323/Desktop/AliBaig/Tokenizer_unix/src/retarget_to_p_20160809160618/scripts/monthly/ETL_F_ALL_M_COMMISSIONS_FY1314_BILLED_REVENUE/BTEQ/ETL_F_ALL_M_COMMISSIONS_FY1314_BILLED_REVENUE.SQL

Finished: Replacing tokens in /c/Users/cp555323/Desktop/AliBaig/Tokenizer_unix/src/retarget_to_p_20160809160618 at 16:06:22

-----------------------------Execution started at 20160809160658

Root directory: /c/Users/cp555323/Desktop/AliBaig/Tokenizer_unix
Log direcotry: /c/Users/cp555323/Desktop/AliBaig/Tokenizer_unix/log
Log file: /c/Users/cp555323/Desktop/AliBaig/Tokenizer_unix/log/retarget.log
Source: C:/Users/cp555323/Desktop/AliBaig/Tokenizer_unix/src/retarget_to_o
Target: /c/Users/cp555323/Desktop/AliBaig/Tokenizer_unix/src/retarget_to_o_20160809160658
-----------------------------

Copying C:/Users/cp555323/Desktop/AliBaig/Tokenizer_unix/src/retarget_to_o to /c/Users/cp555323/Desktop/AliBaig/Tokenizer_unix/src/retarget_to_o_20160809160658
Please wait...
Copying done.

Filtering files from target directory /c/Users/cp555323/Desktop/AliBaig/Tokenizer_unix/src/retarget_to_o_20160809160658
Tokenizing the scripts using configuration file: /c/Users/cp555323/Desktop/AliBaig/Tokenizer_unix/etc/config.ini
Start: Replacing tokens in /c/Users/cp555323/Desktop/AliBaig/Tokenizer_unix/src/retarget_to_o_20160809160658 at 16:07:00
Please wait...
Modified following files
/c/Users/cp555323/Desktop/AliBaig/Tokenizer_unix/src/retarget_to_o_20160809160658/scripts/Daily/Bolt_add_churn_load/bolton_add_churn_daily_load.sql
/c/Users/cp555323/Desktop/AliBaig/Tokenizer_unix/src/retarget_to_o_20160809160658/scripts/Daily/Bolt_add_churn_load/bolton_add_churn_daily_load_bf_20120503.sql
/c/Users/cp555323/Desktop/AliBaig/Tokenizer_unix/src/retarget_to_o_20160809160658/scripts/Daily/Bolt_add_churn_load/bolton_add_churn_daily_load_edw.sql
/c/Users/cp555323/Desktop/AliBaig/Tokenizer_unix/src/retarget_to_o_20160809160658/scripts/Daily/Bolt_add_churn_load/bolton_set_adac_bcc_migration_indicator.sql
/c/Users/cp555323/Desktop/AliBaig/Tokenizer_unix/src/retarget_to_o_20160809160658/scripts/monthly/Bolton_base/bolton_base.sql
/c/Users/cp555323/Desktop/AliBaig/Tokenizer_unix/src/retarget_to_o_20160809160658/scripts/monthly/Bolton_base/bolton_base_edw.sql
/c/Users/cp555323/Desktop/AliBaig/Tokenizer_unix/src/retarget_to_o_20160809160658/scripts/monthly/Bolton_base/bolton_set_bcc_migration_indicator.sql
/c/Users/cp555323/Desktop/AliBaig/Tokenizer_unix/src/retarget_to_o_20160809160658/scripts/monthly/ETL_F_ALL_M_COMMISSIONS_FY1314_BILLED_REVENUE/BTEQ/ETL_F_ALL_M_COMMISSIONS_FY1314_BILLED_REVENUE.SQL

Finished: Replacing tokens in /c/Users/cp555323/Desktop/AliBaig/Tokenizer_unix/src/retarget_to_o_20160809160658 at 16:07:02

-----------------------------Execution started at 20160809160728

Root directory: /c/Users/cp555323/Desktop/AliBaig/Tokenizer_unix
Log direcotry: /c/Users/cp555323/Desktop/AliBaig/Tokenizer_unix/log
Log file: /c/Users/cp555323/Desktop/AliBaig/Tokenizer_unix/log/retarget.log
Source: C:/Users/cp555323/Desktop/AliBaig/Tokenizer_unix/src/retarget_to_o
Target: /c/Users/cp555323/Desktop/AliBaig/Tokenizer_unix/src/retarget_to_o_20160809160728
-----------------------------

Copying C:/Users/cp555323/Desktop/AliBaig/Tokenizer_unix/src/retarget_to_o to /c/Users/cp555323/Desktop/AliBaig/Tokenizer_unix/src/retarget_to_o_20160809160728
Please wait...
Copying done.

Filtering files from target directory /c/Users/cp555323/Desktop/AliBaig/Tokenizer_unix/src/retarget_to_o_20160809160728
Tokenizing the scripts using configuration file: /c/Users/cp555323/Desktop/AliBaig/Tokenizer_unix/etc/config.ini
Start: Replacing tokens in /c/Users/cp555323/Desktop/AliBaig/Tokenizer_unix/src/retarget_to_o_20160809160728 at 16:07:30
Please wait...
Modified following files
/c/Users/cp555323/Desktop/AliBaig/Tokenizer_unix/src/retarget_to_o_20160809160728/scripts/Daily/Bolt_add_churn_load/bolton_add_churn_daily_load.sql
/c/Users/cp555323/Desktop/AliBaig/Tokenizer_unix/src/retarget_to_o_20160809160728/scripts/Daily/Bolt_add_churn_load/bolton_add_churn_daily_load_bf_20120503.sql
/c/Users/cp555323/Desktop/AliBaig/Tokenizer_unix/src/retarget_to_o_20160809160728/scripts/Daily/Bolt_add_churn_load/bolton_add_churn_daily_load_edw.sql
/c/Users/cp555323/Desktop/AliBaig/Tokenizer_unix/src/retarget_to_o_20160809160728/scripts/Daily/Bolt_add_churn_load/bolton_set_adac_bcc_migration_indicator.sql
/c/Users/cp555323/Desktop/AliBaig/Tokenizer_unix/src/retarget_to_o_20160809160728/scripts/monthly/Bolton_base/bolton_base.sql
/c/Users/cp555323/Desktop/AliBaig/Tokenizer_unix/src/retarget_to_o_20160809160728/scripts/monthly/Bolton_base/bolton_base_edw.sql
/c/Users/cp555323/Desktop/AliBaig/Tokenizer_unix/src/retarget_to_o_20160809160728/scripts/monthly/Bolton_base/bolton_set_bcc_migration_indicator.sql
/c/Users/cp555323/Desktop/AliBaig/Tokenizer_unix/src/retarget_to_o_20160809160728/scripts/monthly/ETL_F_ALL_M_COMMISSIONS_FY1314_BILLED_REVENUE/BTEQ/ETL_F_ALL_M_COMMISSIONS_FY1314_BILLED_REVENUE.SQL

Finished: Replacing tokens in /c/Users/cp555323/Desktop/AliBaig/Tokenizer_unix/src/retarget_to_o_20160809160728 at 16:07:32

-----------------------------Execution started at 20160809161046

Root directory: /c/Users/cp555323/Desktop/AliBaig/Tokenizer_unix
Log direcotry: /c/Users/cp555323/Desktop/AliBaig/Tokenizer_unix/log
Log file: /c/Users/cp555323/Desktop/AliBaig/Tokenizer_unix/log/retarget.log
Source: C:/Users/cp555323/Desktop/AliBaig/Tokenizer_unix/src/retarget_to_o
Target: /c/Users/cp555323/Desktop/AliBaig/Tokenizer_unix/src/retarget_to_o_20160809161046
-----------------------------

Copying C:/Users/cp555323/Desktop/AliBaig/Tokenizer_unix/src/retarget_to_o to /c/Users/cp555323/Desktop/AliBaig/Tokenizer_unix/src/retarget_to_o_20160809161046
Please wait...
Copying done.

Filtering files from target directory /c/Users/cp555323/Desktop/AliBaig/Tokenizer_unix/src/retarget_to_o_20160809161046
Tokenizing the scripts using configuration file: /c/Users/cp555323/Desktop/AliBaig/Tokenizer_unix/etc/config.ini
Start: Replacing tokens in /c/Users/cp555323/Desktop/AliBaig/Tokenizer_unix/src/retarget_to_o_20160809161046 at 16:10:49
Please wait...
Modified following files
/c/Users/cp555323/Desktop/AliBaig/Tokenizer_unix/src/retarget_to_o_20160809161046/scripts/Daily/Bolt_add_churn_load/bolton_add_churn_daily_load.sql
/c/Users/cp555323/Desktop/AliBaig/Tokenizer_unix/src/retarget_to_o_20160809161046/scripts/Daily/Bolt_add_churn_load/bolton_add_churn_daily_load_bf_20120503.sql
/c/Users/cp555323/Desktop/AliBaig/Tokenizer_unix/src/retarget_to_o_20160809161046/scripts/Daily/Bolt_add_churn_load/bolton_add_churn_daily_load_edw.sql
/c/Users/cp555323/Desktop/AliBaig/Tokenizer_unix/src/retarget_to_o_20160809161046/scripts/Daily/Bolt_add_churn_load/bolton_set_adac_bcc_migration_indicator.sql
/c/Users/cp555323/Desktop/AliBaig/Tokenizer_unix/src/retarget_to_o_20160809161046/scripts/monthly/Bolton_base/bolton_base.sql
/c/Users/cp555323/Desktop/AliBaig/Tokenizer_unix/src/retarget_to_o_20160809161046/scripts/monthly/Bolton_base/bolton_base_edw.sql
/c/Users/cp555323/Desktop/AliBaig/Tokenizer_unix/src/retarget_to_o_20160809161046/scripts/monthly/Bolton_base/bolton_set_bcc_migration_indicator.sql
/c/Users/cp555323/Desktop/AliBaig/Tokenizer_unix/src/retarget_to_o_20160809161046/scripts/monthly/ETL_F_ALL_M_COMMISSIONS_FY1314_BILLED_REVENUE/BTEQ/ETL_F_ALL_M_COMMISSIONS_FY1314_BILLED_REVENUE.SQL

Finished: Replacing tokens in /c/Users/cp555323/Desktop/AliBaig/Tokenizer_unix/src/retarget_to_o_20160809161046 at 16:10:52

-----------------------------Execution started at 20160809170437

Root directory: /c/Users/cp555323/Desktop/AliBaig/Tokenizer_unix
Log direcotry: /c/Users/cp555323/Desktop/AliBaig/Tokenizer_unix/log
Log file: /c/Users/cp555323/Desktop/AliBaig/Tokenizer_unix/log/retarget.log
Source: C:/Users/cp555323/Desktop/AliBaig/Tokenizer_unix/src/retarget_to_o
Target: /c/Users/cp555323/Desktop/AliBaig/Tokenizer_unix/src/retarget_to_o_20160809170437
-----------------------------

Copying C:/Users/cp555323/Desktop/AliBaig/Tokenizer_unix/src/retarget_to_o to /c/Users/cp555323/Desktop/AliBaig/Tokenizer_unix/src/retarget_to_o_20160809170437
Please wait...
Copying done.

Filtering files from target directory /c/Users/cp555323/Desktop/AliBaig/Tokenizer_unix/src/retarget_to_o_20160809170437
Tokenizing the scripts using configuration file: /c/Users/cp555323/Desktop/AliBaig/Tokenizer_unix/etc/config.ini
Start: Replacing tokens in /c/Users/cp555323/Desktop/AliBaig/Tokenizer_unix/src/retarget_to_o_20160809170437 at 17:04:40
Please wait...
Modified following files
/c/Users/cp555323/Desktop/AliBaig/Tokenizer_unix/src/retarget_to_o_20160809170437/scripts/Daily/Bolt_add_churn_load/bolton_add_churn_daily_load.sql
/c/Users/cp555323/Desktop/AliBaig/Tokenizer_unix/src/retarget_to_o_20160809170437/scripts/Daily/Bolt_add_churn_load/bolton_add_churn_daily_load_bf_20120503.sql
/c/Users/cp555323/Desktop/AliBaig/Tokenizer_unix/src/retarget_to_o_20160809170437/scripts/Daily/Bolt_add_churn_load/bolton_add_churn_daily_load_edw.sql
/c/Users/cp555323/Desktop/AliBaig/Tokenizer_unix/src/retarget_to_o_20160809170437/scripts/Daily/Bolt_add_churn_load/bolton_set_adac_bcc_migration_indicator.sql
/c/Users/cp555323/Desktop/AliBaig/Tokenizer_unix/src/retarget_to_o_20160809170437/scripts/monthly/Bolton_base/bolton_base.sql
/c/Users/cp555323/Desktop/AliBaig/Tokenizer_unix/src/retarget_to_o_20160809170437/scripts/monthly/Bolton_base/bolton_base_edw.sql
/c/Users/cp555323/Desktop/AliBaig/Tokenizer_unix/src/retarget_to_o_20160809170437/scripts/monthly/Bolton_base/bolton_set_bcc_migration_indicator.sql
/c/Users/cp555323/Desktop/AliBaig/Tokenizer_unix/src/retarget_to_o_20160809170437/scripts/monthly/ETL_F_ALL_M_COMMISSIONS_FY1314_BILLED_REVENUE/BTEQ/ETL_F_ALL_M_COMMISSIONS_FY1314_BILLED_REVENUE.SQL

Finished: Replacing tokens in /c/Users/cp555323/Desktop/AliBaig/Tokenizer_unix/src/retarget_to_o_20160809170437 at 17:04:42

-----------------------------Execution started at 20160809170603

Root directory: /c/Users/cp555323/Desktop/AliBaig/Tokenizer_unix
Log direcotry: /c/Users/cp555323/Desktop/AliBaig/Tokenizer_unix/log
Log file: /c/Users/cp555323/Desktop/AliBaig/Tokenizer_unix/log/retarget.log
Source: C:/Users/cp555323/Desktop/AliBaig/Tokenizer_unix/src/retarget_to_p
Target: /c/Users/cp555323/Desktop/AliBaig/Tokenizer_unix/src/retarget_to_p_20160809170603
-----------------------------

Copying C:/Users/cp555323/Desktop/AliBaig/Tokenizer_unix/src/retarget_to_p to /c/Users/cp555323/Desktop/AliBaig/Tokenizer_unix/src/retarget_to_p_20160809170603
Please wait...
Copying done.

Filtering files from target directory /c/Users/cp555323/Desktop/AliBaig/Tokenizer_unix/src/retarget_to_p_20160809170603
Tokenizing the scripts using configuration file: /c/Users/cp555323/Desktop/AliBaig/Tokenizer_unix/etc/config.ini
Start: Replacing tokens in /c/Users/cp555323/Desktop/AliBaig/Tokenizer_unix/src/retarget_to_p_20160809170603 at 17:06:05
Please wait...
Modified following files
/c/Users/cp555323/Desktop/AliBaig/Tokenizer_unix/src/retarget_to_p_20160809170603/scripts/Daily/Bolt_add_churn_load/bolton_add_churn_daily_load.sql
/c/Users/cp555323/Desktop/AliBaig/Tokenizer_unix/src/retarget_to_p_20160809170603/scripts/Daily/Bolt_add_churn_load/bolton_add_churn_daily_load_bf_20120503.sql
/c/Users/cp555323/Desktop/AliBaig/Tokenizer_unix/src/retarget_to_p_20160809170603/scripts/Daily/Bolt_add_churn_load/bolton_add_churn_daily_load_edw.sql
/c/Users/cp555323/Desktop/AliBaig/Tokenizer_unix/src/retarget_to_p_20160809170603/scripts/Daily/Bolt_add_churn_load/bolton_set_adac_bcc_migration_indicator.sql
/c/Users/cp555323/Desktop/AliBaig/Tokenizer_unix/src/retarget_to_p_20160809170603/scripts/monthly/Bolton_base/bolton_base.sql
/c/Users/cp555323/Desktop/AliBaig/Tokenizer_unix/src/retarget_to_p_20160809170603/scripts/monthly/Bolton_base/bolton_base_edw.sql
/c/Users/cp555323/Desktop/AliBaig/Tokenizer_unix/src/retarget_to_p_20160809170603/scripts/monthly/Bolton_base/bolton_set_bcc_migration_indicator.sql
/c/Users/cp555323/Desktop/AliBaig/Tokenizer_unix/src/retarget_to_p_20160809170603/scripts/monthly/ETL_F_ALL_M_COMMISSIONS_FY1314_BILLED_REVENUE/BTEQ/ETL_F_ALL_M_COMMISSIONS_FY1314_BILLED_REVENUE.SQL

Finished: Replacing tokens in /c/Users/cp555323/Desktop/AliBaig/Tokenizer_unix/src/retarget_to_p_20160809170603 at 17:06:07
